Linux 4.4.0-66-generic (CSPARKWORKnode2) 	10/23/2017 	_x86_64_	(16 CPU)

11:46:28 AM     CPU     %user     %nice   %system   %iowait    %steal     %idle
11:46:29 AM     all      0.06      0.00      0.00      6.25      0.00     93.68
11:46:30 AM     all      0.00      0.00      0.06      6.25      0.00     93.68
11:46:31 AM     all      0.06      0.00      0.00      6.19      0.00     93.75
11:46:32 AM     all      0.13      0.00      0.00      6.63      0.00     93.24
11:46:33 AM     all      0.06      0.00      0.06      6.25      0.00     93.62
11:46:34 AM     all      0.06      0.00      0.00      6.13      0.00     93.80
11:46:35 AM     all      0.00      0.00      0.06      6.20      0.00     93.74
11:46:36 AM     all      1.00      0.00      0.50      5.38      0.00     93.12
11:46:37 AM     all      0.25      0.00      0.13      6.38      0.00     93.25
11:46:38 AM     all      0.06      0.00      0.06      6.31      0.00     93.57
11:46:39 AM     all      0.06      0.00      0.00      6.31      0.00     93.62
11:46:40 AM     all      0.06      0.00      0.00      6.26      0.00     93.68
11:46:41 AM     all      0.25      0.00      0.06      6.19      0.00     93.50
11:46:42 AM     all      1.13      0.00      0.06      6.07      0.00     92.74
11:46:43 AM     all      1.88      0.00      0.19      5.63      0.00     92.31
11:46:44 AM     all      0.69      0.00      0.06      6.13      0.00     93.12
11:46:45 AM     all      0.56      0.00      0.19      5.69      0.00     93.56
11:46:46 AM     all      1.00      0.00      0.06      5.57      0.00     93.36
11:46:47 AM     all      4.07      0.00      0.38      4.32      0.00     91.24
11:46:48 AM     all      1.62      0.00      0.31      6.43      0.00     91.63
11:46:49 AM     all      1.06      0.00      0.25      5.38      0.00     93.31
11:46:50 AM     all      3.51      0.00      0.44      4.32      0.00     91.73
11:46:51 AM     all      6.20      0.00      0.56      2.25      0.00     90.99
11:46:52 AM     all      1.57      0.00      0.06      0.19      0.00     98.18
11:46:53 AM     all      0.00      0.00      0.00      0.25      0.00     99.75
11:46:54 AM     all      0.00      0.00      0.00      0.13      0.00     99.87
11:46:55 AM     all      0.00      0.00      0.12      0.06      0.00     99.81
11:46:56 AM     all      0.00      0.00      0.00      0.06      0.00     99.94
11:46:57 AM     all      0.00      0.00      0.06      0.12      0.00     99.81
11:46:58 AM     all      0.00      0.00      0.00      0.06      0.00     99.94
11:46:59 AM     all      0.00      0.00      0.00      0.31      0.00     99.69
11:47:00 AM     all      0.00      0.00      0.06      0.06      0.00     99.87
11:47:01 AM     all      0.00      0.00      0.06      0.06      0.00     99.87
11:47:02 AM     all      0.00      0.00      0.06      0.13      0.00     99.81
11:47:03 AM     all      0.00      0.00      0.00      0.06      0.00     99.94
11:47:04 AM     all      0.00      0.00      0.00      0.06      0.00     99.94
11:47:05 AM     all      0.06      0.00      0.00      0.25      0.00     99.69
11:47:06 AM     all      0.06      0.00      0.06      0.06      0.00     99.81
11:47:07 AM     all      0.00      0.00      0.06      0.06      0.00     99.88
11:47:08 AM     all      0.00      0.00      0.00      0.06      0.00     99.94
11:47:09 AM     all      1.25      0.00      0.38      0.62      0.00     97.75
11:47:10 AM     all      0.06      0.00      0.13      0.06      0.00     99.75
11:47:11 AM     all      1.01      0.00      0.57      0.19      0.00     98.24
11:47:12 AM     all      1.78      0.00      1.71      0.06      0.00     96.44
11:47:13 AM     all      4.67      0.00      1.64      0.82      0.00     92.87
11:47:14 AM     all      6.69      0.00      1.20      0.82      0.00     91.29
11:47:15 AM     all      7.89      0.00      2.08      0.95      0.00     89.09
11:47:16 AM     all      8.87      0.00      3.34      5.60      0.00     82.19
11:47:17 AM     all      4.17      0.00      1.58      5.82      0.00     88.43
11:47:18 AM     all      0.88      0.00      1.20      6.31      0.00     91.61
11:47:19 AM     all      1.38      0.00      0.88      6.60      0.00     91.14
11:47:20 AM     all      0.88      0.00      0.82      2.58      0.00     95.72
11:47:21 AM     all      0.63      0.00      0.51      6.33      0.00     92.54
11:47:22 AM     all      1.07      0.00      0.63      6.35      0.00     91.95
11:47:23 AM     all      0.76      0.00      0.89      6.21      0.00     92.15
11:47:24 AM     all      1.20      0.00      0.95      6.37      0.00     91.49
11:47:25 AM     all      1.32      0.00      0.76      9.14      0.00     88.78
11:47:26 AM     all      1.51      0.00      0.95      6.31      0.00     91.24
11:47:27 AM     all      1.39      0.00      1.14      6.34      0.00     91.13
11:47:28 AM     all      2.08      0.00      1.14      6.38      0.00     90.40
11:47:29 AM     all      1.96      0.00      1.71      6.33      0.00     90.00
11:47:30 AM     all      0.06      0.00      0.19      6.27      0.00     93.48
11:47:31 AM     all      0.00      0.00      0.00     11.13      0.00     88.87
11:47:32 AM     all      0.06      0.00      0.00     25.00      0.00     74.94
11:47:33 AM     all      1.51      0.00      0.57     21.40      0.00     76.53
11:47:34 AM     all      0.13      0.00      0.00      9.89      0.00     89.98
11:47:35 AM     all      0.13      0.00      0.13      4.88      0.00     94.87
11:47:36 AM     all      0.44      0.00      0.19      0.25      0.00     99.12
11:47:37 AM     all      0.63      0.00      0.38      0.00      0.00     98.99
11:47:38 AM     all      1.20      0.00      0.76      0.13      0.00     97.92
11:47:39 AM     all      1.90      0.00      1.33      0.00      0.00     96.77
11:47:40 AM     all      2.15      0.00      1.58      0.06      0.00     96.20
11:47:41 AM     all      6.19      0.00      1.96      2.97      0.00     88.87
11:47:42 AM     all      6.27      0.00      1.51      0.75      0.00     91.47
11:47:43 AM     all      5.97      0.00      1.19      0.00      0.00     92.83
11:47:44 AM     all      6.28      0.00      0.94      0.06      0.00     92.71
11:47:45 AM     all      6.04      0.00      1.64      1.19      0.00     91.13
11:47:46 AM     all      5.06      0.00      0.94      6.30      0.00     87.70
11:47:47 AM     all      0.38      0.00      0.06      7.56      0.00     92.00
11:47:48 AM     all      0.00      0.00      0.00     18.82      0.00     81.18
11:47:49 AM     all      0.00      0.00      0.00     18.84      0.00     81.16
11:47:50 AM     all      0.00      0.00      0.06     18.76      0.00     81.18
11:47:51 AM     all      4.82      0.00      1.13      9.90      0.00     84.15
11:47:52 AM     all      5.52      0.00      0.69      6.27      0.00     87.52
11:47:53 AM     all      0.00      0.00      0.06      6.26      0.00     93.68
11:47:54 AM     all      0.00      0.00      0.00      6.32      0.00     93.68
11:47:55 AM     all      0.00      0.00      0.00      6.32      0.00     93.68
11:47:56 AM     all      0.06      0.00      0.00      6.31      0.00     93.63
11:47:57 AM     all      0.00      0.00      0.00      6.32      0.00     93.68
11:47:58 AM     all      0.00      0.00      0.00      6.31      0.00     93.69
11:47:59 AM     all      0.00      0.00      0.00      6.32      0.00     93.68
11:48:00 AM     all      0.00      0.00      0.06      6.32      0.00     93.62
11:48:01 AM     all      0.00      0.00      0.00      6.32      0.00     93.68
11:48:02 AM     all      0.00      0.00      0.00      6.38      0.00     93.62
11:48:03 AM     all      0.00      0.00      0.00      6.32      0.00     93.68
11:48:08 AM     all      0.08      0.00      0.05      6.35      0.00     93.52
11:48:09 AM     all      0.00      0.00      0.06      6.31      0.00     93.62
11:48:10 AM     all      0.00      0.00      0.00      6.38      0.00     93.62
11:48:11 AM     all      0.06      0.00      0.00     18.32      0.00     81.61
11:48:12 AM     all      0.00      0.00      0.12     18.80      0.00     81.07
11:48:13 AM     all      5.78      0.00      1.19     11.80      0.00     81.23
11:48:14 AM     all      2.06      0.00      0.94     11.44      0.00     85.55
11:48:15 AM     all      0.00      0.00      0.00     12.56      0.00     87.44
11:48:16 AM     all      0.00      0.00      0.12     18.30      0.00     81.57
11:48:17 AM     all      0.00      0.00      0.00     18.82      0.00     81.18
11:48:18 AM     all      0.00      0.00      0.00     18.82      0.00     81.18
11:48:19 AM     all      0.00      0.00      0.13     13.32      0.00     86.55
11:48:20 AM     all      0.00      0.00      0.00     12.51      0.00     87.49
11:48:21 AM     all      0.00      0.00      0.12     12.61      0.00     87.27
11:48:22 AM     all      0.00      0.00      0.00     12.52      0.00     87.48
11:48:23 AM     all      0.00      0.00      0.06     12.62      0.00     87.32
11:48:24 AM     all      0.00      0.00      0.00     12.58      0.00     87.42
11:48:25 AM     all      0.00      0.00      0.06     12.56      0.00     87.38
11:48:26 AM     all      0.00      0.00      0.00     12.57      0.00     87.43
11:48:27 AM     all      0.00      0.00      0.12     10.12      0.00     89.75
11:48:28 AM     all      0.12      0.00      0.06      6.31      0.00     93.50
11:48:29 AM     all      0.00      0.00      0.00      6.38      0.00     93.62
11:48:30 AM     all      0.00      0.00      0.06     11.38      0.00     88.56
11:48:31 AM     all      0.00      0.00      0.06     12.56      0.00     87.38
11:48:32 AM     all      0.00      0.00      0.19     10.31      0.00     89.50
11:48:33 AM     all      0.00      0.00      0.00      6.25      0.00     93.75
11:48:34 AM     all      0.00      0.00      0.00      6.38      0.00     93.62
11:48:35 AM     all      0.00      0.00      0.12     10.75      0.00     89.12
11:48:36 AM     all      0.00      0.00      0.00     12.57      0.00     87.43
11:48:37 AM     all      3.32      0.00      0.75      9.21      0.00     86.72
11:48:38 AM     all      6.22      0.00      1.19      6.29      0.00     86.30
11:48:39 AM     all      6.20      0.00      1.31      6.26      0.00     86.22
11:48:40 AM     all      6.52      0.00      1.25      1.94      0.00     90.28
11:48:41 AM     all      6.08      0.00      1.07      0.06      0.00     92.79
11:48:42 AM     all      5.65      0.00      1.13      5.21      0.00     88.01
11:48:43 AM     all      6.35      0.00      0.69      0.69      0.00     92.26
11:48:44 AM     all      6.28      0.00      0.82      0.06      0.00     92.84
11:48:45 AM     all      5.95      0.00      1.00      0.56      0.00     92.49
11:48:46 AM     all      0.00      0.00      0.00      6.19      0.00     93.81
11:48:47 AM     all      3.75      0.00      0.69      6.25      0.00     89.31
11:48:48 AM     all      6.39      0.00      0.88      6.33      0.00     86.40
11:48:49 AM     all      6.10      0.00      0.82      1.64      0.00     91.45
11:48:50 AM     all      6.21      0.00      0.75      0.13      0.00     92.91
11:48:51 AM     all      6.39      0.00      0.94      0.00      0.00     92.67
11:48:52 AM     all      2.88      0.00      1.00      3.94      0.00     92.18
11:48:53 AM     all      0.25      0.00      0.19      4.63      0.00     94.93
11:48:54 AM     all      0.75      0.00      0.88      4.94      0.00     93.44
11:48:55 AM     all     12.60      0.00      0.95      0.00      0.00     86.45
11:48:56 AM     all      9.99      0.00      1.81      1.06      0.00     87.13
11:48:57 AM     all     20.71      0.00      1.64      2.08      0.00     75.57
11:48:58 AM     all     48.77      0.00      0.95      0.00      0.00     50.28
11:48:59 AM     all     72.17      0.00      5.47      0.19      0.00     22.17
11:49:00 AM     all     62.50      0.00      7.83      0.69      0.00     28.98
11:49:01 AM     all     72.91      0.00      3.74      0.00      0.00     23.35
11:49:02 AM     all     75.70      0.00      5.52      0.06      0.00     18.72
11:49:03 AM     all     77.71      0.00      6.42      0.00      0.00     15.86
11:49:04 AM     all     73.51      0.00     13.18      0.00      0.00     13.31
11:49:05 AM     all     80.66      0.00      4.35      0.06      0.00     14.93
11:49:06 AM     all     77.82      0.00      4.85      0.00      0.00     17.33
11:49:07 AM     all     77.32      0.00      5.61      0.13      0.00     16.95
11:49:08 AM     all     81.60      0.00      6.09      0.00      0.00     12.31
11:49:09 AM     all     15.66      0.00      0.94      0.06      0.00     83.33
11:49:10 AM     all      0.00      0.00      0.19      0.06      0.00     99.75
11:49:11 AM     all      0.00      0.00      0.12      0.12      0.00     99.75
11:49:12 AM     all      0.00      0.00      0.00      0.06      0.00     99.94
11:49:13 AM     all      0.00      0.00      0.00      6.63      0.00     93.37
11:49:14 AM     all      0.00      0.00      0.00      6.32      0.00     93.68
11:49:15 AM     all      0.25      0.00      0.44     10.17      0.00     89.14
11:49:16 AM     all      0.00      0.00      0.31      6.64      0.00     93.05
11:49:17 AM     all      0.00      0.00      0.13      6.20      0.00     93.68
11:49:18 AM     all      0.06      0.00      0.00      6.31      0.00     93.62
11:49:19 AM     all      0.06      0.00      0.06      9.19      0.00     90.69
11:49:20 AM     all      0.00      0.00      0.06     17.81      0.00     82.12
11:49:21 AM     all      0.00      0.00      0.19     17.38      0.00     82.44
11:49:22 AM     all      0.00      0.00      0.06     10.75      0.00     89.19
11:49:23 AM     all      0.06      0.00      0.00      6.38      0.00     93.56
11:49:24 AM     all      0.00      0.00      0.00      8.39      0.00     91.61
11:49:25 AM     all      0.00      0.00      0.06     12.62      0.00     87.32
11:49:26 AM     all      0.00      0.00      0.00     12.57      0.00     87.43
11:49:27 AM     all      0.00      0.00      0.25     12.19      0.00     87.56
11:49:28 AM     all      0.00      0.00      0.06      6.37      0.00     93.57
11:49:29 AM     all      0.00      0.00      0.00      6.26      0.00     93.74
11:49:30 AM     all      0.00      0.00      0.06     11.12      0.00     88.82
11:49:31 AM     all      0.00      0.00      0.00     18.82      0.00     81.18
11:49:32 AM     all      0.00      0.00      0.06     16.45      0.00     83.49
11:49:33 AM     all      0.00      0.00      0.00      6.31      0.00     93.69
11:49:34 AM     all      0.56      0.00      0.13      5.76      0.00     93.55
11:49:35 AM     all      3.01      0.00      1.19      2.32      0.00     93.48
11:49:36 AM     all     12.81      0.00      1.00      0.06      0.00     86.13
11:49:37 AM     all     10.49      0.00      1.32      1.13      0.00     87.06
11:49:38 AM     all      0.31      0.00      0.00      0.13      0.00     99.56
11:49:39 AM     all      3.13      0.00      0.31      0.44      0.00     96.12
11:49:40 AM     all     12.77      0.00      1.38      0.19      0.00     85.67
11:49:41 AM     all     25.03      0.00      1.59      0.57      0.00     72.80
11:49:42 AM     all     34.49      0.00      2.52      0.19      0.00     62.81
11:49:43 AM     all     30.06      0.00      2.84      0.25      0.00     66.86
11:49:44 AM     all     30.00      0.00      1.70      0.06      0.00     68.24
11:49:45 AM     all     23.02      0.00      3.40      0.44      0.00     73.14
11:49:46 AM     all     16.92      0.00      3.33      0.50      0.00     79.25
11:49:47 AM     all     17.88      0.00      2.52      0.57      0.00     79.03
11:49:48 AM     all     14.70      0.00      3.14      0.38      0.00     81.78
11:49:49 AM     all     14.49      0.00      3.59      0.38      0.00     81.54
11:49:50 AM     all     14.33      0.00      3.21      0.50      0.00     81.96
11:49:51 AM     all     12.01      0.00      2.50      0.38      0.00     85.12
11:49:52 AM     all     10.56      0.00      3.33      0.44      0.00     85.67
11:49:53 AM     all     14.32      0.00      3.58      3.14      0.00     78.96
11:49:54 AM     all     16.11      0.00      3.65      0.38      0.00     79.86
11:49:55 AM     all     14.53      0.00      2.58      0.38      0.00     82.52
11:49:56 AM     all     13.94      0.00      3.64      0.38      0.00     82.04
11:49:57 AM     all     15.24      0.00      2.51      0.06      0.00     82.18
11:49:58 AM     all     16.09      0.00      3.27      0.38      0.00     80.26
11:49:59 AM     all     11.85      0.00      3.07      0.50      0.00     84.58
11:50:00 AM     all     14.81      0.00      2.84      0.38      0.00     81.98
11:50:01 AM     all     10.13      0.00      2.83      0.38      0.00     86.66
11:50:02 AM     all     10.10      0.00      2.63      0.88      0.00     86.39
11:50:03 AM     all     11.60      0.00      2.59      0.25      0.00     85.56
11:50:04 AM     all     13.55      0.00      3.01      0.38      0.00     83.06
11:50:05 AM     all     12.11      0.00      2.45      0.63      0.00     84.82
11:50:06 AM     all     13.51      0.00      3.02      0.38      0.00     83.09
11:50:07 AM     all     16.98      0.00      1.82      0.57      0.00     80.63
11:50:08 AM     all     11.31      0.00      2.51      0.82      0.00     85.36
11:50:09 AM     all     14.26      0.00      2.46      0.06      0.00     83.22
11:50:10 AM     all     12.71      0.00      1.01      0.06      0.00     86.22
11:50:11 AM     all     14.02      0.00      3.02      0.00      0.00     82.97
11:50:12 AM     all     18.76      0.00      0.50      0.25      0.00     80.49
11:50:13 AM     all     12.48      0.00      2.89      1.94      0.00     82.69
11:50:14 AM     all     17.91      0.00      0.63      2.26      0.00     79.20
11:50:15 AM     all     10.58      0.00      1.63      0.38      0.00     87.41
11:50:16 AM     all     11.45      0.00      1.26      0.00      0.00     87.30
11:50:17 AM     all     12.67      0.00      0.63      0.00      0.00     86.70
11:50:18 AM     all     10.31      0.00      1.32      0.38      0.00     87.99
11:50:19 AM     all     11.53      0.00      1.00      0.31      0.00     87.16
11:50:20 AM     all     11.47      0.00      0.75      0.88      0.00     86.90
11:50:21 AM     all     12.37      0.00      1.57      0.88      0.00     85.19
11:50:22 AM     all     16.60      0.00      0.75      0.50      0.00     82.14
11:50:23 AM     all     16.52      0.00      0.94      0.38      0.00     82.17
11:50:24 AM     all     16.66      0.00      1.20      0.00      0.00     82.15
11:50:25 AM     all     14.20      0.00      1.45      0.25      0.00     84.10
11:50:26 AM     all     10.43      0.00      2.51      8.17      0.00     78.88
11:50:27 AM     all     15.37      0.00      2.33      1.01      0.00     81.30
11:50:28 AM     all     15.83      0.00      0.81      0.38      0.00     82.98
11:50:29 AM     all     12.01      0.00      1.38      2.77      0.00     83.85
11:50:30 AM     all     16.22      0.00      0.75      0.38      0.00     82.65
11:50:31 AM     all     12.32      0.00      0.94      0.38      0.00     86.37
11:50:32 AM     all     11.68      0.00      0.75      0.88      0.00     86.69
11:50:33 AM     all     11.73      0.00      0.32      0.32      0.00     87.64
11:50:34 AM     all     12.02      0.00      0.63      0.38      0.00     86.97
11:50:35 AM     all     12.32      0.00      0.38      0.31      0.00     86.99
11:50:36 AM     all     12.19      0.00      0.44      0.31      0.00     87.06
11:50:37 AM     all     13.42      0.00      0.63      0.44      0.00     85.52
11:50:38 AM     all     15.82      0.00      0.31      0.94      0.00     82.93
11:50:39 AM     all     15.00      0.00      0.88      0.44      0.00     83.68
11:50:40 AM     all     10.58      0.00      0.63      0.00      0.00     88.79
11:50:41 AM     all     11.98      0.00      0.63      0.32      0.00     87.07
11:50:42 AM     all     15.37      0.00      0.44      0.31      0.00     83.88
11:50:43 AM     all     11.76      0.00      0.38      0.75      0.00     87.11
11:50:44 AM     all     12.88      0.00      0.38      0.31      0.00     86.43
11:50:45 AM     all     14.14      0.00      0.63      0.31      0.00     84.92
11:50:46 AM     all      5.07      0.00      0.56      0.38      0.00     93.99
11:50:47 AM     all     11.26      0.00      1.32      0.25      0.00     87.16
11:50:48 AM     all      2.75      0.00      0.19      0.00      0.00     97.06
11:50:49 AM     all      0.00      0.00      0.00      0.00      0.00    100.00
11:50:50 AM     all      0.00      0.00      0.06      0.00      0.00     99.94
11:50:51 AM     all      1.75      0.00      0.31      0.50      0.00     97.43
11:50:52 AM     all      9.75      0.00      0.88      0.44      0.00     88.93
11:50:53 AM     all     13.30      0.00      1.07      0.31      0.00     85.32
11:50:54 AM     all      4.20      0.00      0.38      0.44      0.00     94.98
11:50:55 AM     all     10.68      0.00      0.57      0.44      0.00     88.31
11:50:56 AM     all      4.07      0.00      0.94      0.63      0.00     94.36
11:50:57 AM     all      8.77      0.00      0.69      0.31      0.00     90.23
11:50:58 AM     all     12.87      0.00      0.82      0.44      0.00     85.88
11:50:59 AM     all     16.77      0.00      1.00      0.44      0.00     81.79
11:51:00 AM     all      9.83      0.00      1.06      0.44      0.00     88.67
11:51:01 AM     all      5.64      0.00      1.00      0.38      0.00     92.99
11:51:02 AM     all      5.57      0.00      0.69      0.38      0.00     93.37
11:51:03 AM     all      5.58      0.00      0.81      0.38      0.00     93.23
11:51:04 AM     all      5.89      0.00      0.63      0.31      0.00     93.17
11:51:05 AM     all      7.31      0.00      1.06      0.31      0.00     91.31
11:51:06 AM     all      8.45      0.00      0.75      0.38      0.00     90.42
11:51:07 AM     all      5.69      0.00      0.44      0.44      0.00     93.43
11:51:08 AM     all      5.82      0.00      0.75      0.31      0.00     93.11
11:51:09 AM     all      5.88      0.00      0.56      0.31      0.00     93.24
11:51:10 AM     all      8.02      0.00      0.50      0.38      0.00     91.11
11:51:11 AM     all      8.39      0.00      0.88      0.44      0.00     90.30
11:51:12 AM     all      7.44      0.00      0.50      0.50      0.00     91.56
11:51:13 AM     all      5.33      0.00      0.56      1.51      0.00     92.60
11:51:14 AM     all     10.62      0.00      1.37      0.37      0.00     87.63
11:51:15 AM     all      7.58      0.00      0.56      0.44      0.00     91.42
11:51:16 AM     all      4.26      0.00      0.50      0.44      0.00     94.80
11:51:17 AM     all      5.45      0.00      0.69      0.44      0.00     93.43
11:51:18 AM     all      5.62      0.00      0.94      0.75      0.00     92.69
11:51:19 AM     all      5.75      0.00      0.69      0.44      0.00     93.12
11:51:20 AM     all      5.81      0.00      0.62      0.37      0.00     93.19
11:51:21 AM     all      5.57      0.00      0.63      0.00      0.00     93.80
11:51:22 AM     all      8.27      0.00      0.88      0.44      0.00     90.42
11:51:23 AM     all      9.14      0.00      1.06      0.56      0.00     89.24
11:51:24 AM     all      5.38      0.00      0.94      0.50      0.00     93.18
11:51:25 AM     all      5.64      0.00      0.88      0.38      0.00     93.11
11:51:26 AM     all      5.45      0.00      1.06      0.38      0.00     93.11
11:51:27 AM     all      5.89      0.00      0.75      0.38      0.00     92.98
11:51:28 AM     all      5.57      0.00      0.75      0.00      0.00     93.68
11:51:29 AM     all      7.55      0.00      1.12      0.62      0.00     90.70
11:51:30 AM     all      9.04      0.00      0.94      0.00      0.00     90.02
11:51:31 AM     all      8.52      0.00      0.81      1.13      0.00     89.54
11:51:32 AM     all      5.70      0.00      0.50      0.00      0.00     93.80
11:51:33 AM     all      6.27      0.00      0.88      0.88      0.00     91.97
11:51:34 AM     all     41.42      0.00      2.15      0.06      0.00     56.36
11:51:35 AM     all     42.04      0.00      1.64      0.06      0.00     56.26
11:51:36 AM     all     35.32      0.00      2.33      1.13      0.00     61.22
11:51:37 AM     all     24.37      0.00      0.88      0.38      0.00     74.37
11:51:38 AM     all     18.45      0.00      1.13      0.57      0.00     79.85
11:51:39 AM     all     13.10      0.00      0.50      0.44      0.00     85.96
11:51:40 AM     all     10.74      0.00      0.57      0.82      0.00     87.88
11:51:41 AM     all      6.03      0.00      0.38      0.63      0.00     92.97
11:51:42 AM     all      5.89      0.00      0.25      0.75      0.00     93.10
11:51:43 AM     all      6.27      0.00      0.19      0.44      0.00     93.10
11:51:44 AM     all      5.65      0.00      0.44      0.50      0.00     93.41
11:51:45 AM     all      5.78      0.00      0.38      0.38      0.00     93.47
11:51:46 AM     all      6.13      0.00      0.50      0.38      0.00     92.99
11:51:47 AM     all      6.27      0.00      0.25      0.56      0.00     92.92
11:51:48 AM     all      6.07      0.00      0.44      0.00      0.00     93.49
11:51:49 AM     all      6.97      0.00      0.38      0.38      0.00     92.27
11:51:50 AM     all      6.39      0.00      0.75      0.38      0.00     92.48
11:51:51 AM     all      9.54      0.00      0.50      0.31      0.00     89.65
11:51:52 AM     all      9.74      0.00      0.57      1.07      0.00     88.62
11:51:53 AM     all      7.21      0.00      0.44      0.38      0.00     91.98
11:51:54 AM     all      9.17      0.00      0.57      0.44      0.00     89.82
11:51:55 AM     all     11.24      0.00      0.44      0.63      0.00     87.70
11:51:56 AM     all      9.23      0.00      0.69      0.63      0.00     89.45
11:51:57 AM     all      9.78      0.00      1.00      1.38      0.00     87.84
11:51:58 AM     all      9.05      0.00      0.88      0.44      0.00     89.64
11:51:59 AM     all     10.26      0.00      0.88      0.38      0.00     88.49
11:52:00 AM     all     10.11      0.00      0.38      0.38      0.00     89.14
11:52:01 AM     all     10.99      0.00      0.63      0.50      0.00     87.88
11:52:02 AM     all     10.48      0.00      0.56      1.63      0.00     87.33
11:52:03 AM     all     10.41      0.00      0.50      0.38      0.00     88.71
11:52:04 AM     all     10.18      0.00      0.44      0.31      0.00     89.06
11:52:05 AM     all      9.77      0.00      0.50      0.56      0.00     89.16
11:52:06 AM     all     10.12      0.00      0.69      0.38      0.00     88.81
11:52:07 AM     all     11.36      0.00      0.88      0.94      0.00     86.82
11:52:08 AM     all     11.28      0.00      0.75      0.00      0.00     87.97
11:52:09 AM     all     11.49      0.00      0.57      0.50      0.00     87.44
11:52:10 AM     all     10.94      0.00      1.07      2.89      0.00     85.10
11:52:11 AM     all     11.24      0.00      0.63      0.06      0.00     88.07
11:52:12 AM     all     11.17      0.00      0.69      0.63      0.00     87.51
11:52:13 AM     all      9.75      0.00      0.50      1.26      0.00     88.48
11:52:14 AM     all     11.20      0.00      0.44      0.00      0.00     88.36
11:52:15 AM     all     10.86      0.00      0.44      0.38      0.00     88.32
11:52:16 AM     all      9.87      0.00      0.63      0.38      0.00     89.12
11:52:17 AM     all     10.61      0.00      0.50      0.06      0.00     88.83
11:52:18 AM     all     10.43      0.00      0.44      0.00      0.00     89.13
11:52:19 AM     all     10.62      0.00      0.44      0.00      0.00     88.94
11:52:20 AM     all     10.68      0.00      0.31      0.00      0.00     89.01
11:52:21 AM     all     10.81      0.00      0.44      0.50      0.00     88.25
11:52:22 AM     all      9.60      0.00      0.50      0.50      0.00     89.40
11:52:23 AM     all     10.01      0.00      1.00      0.06      0.00     88.92
11:52:24 AM     all     10.36      0.00      0.38      0.00      0.00     89.26
11:52:25 AM     all     10.68      0.00      0.57      0.38      0.00     88.38
11:52:26 AM     all     11.82      0.00      0.50      0.31      0.00     87.36
11:52:27 AM     all     10.12      0.00      0.69      0.00      0.00     89.19
11:52:28 AM     all     10.11      0.00      0.50      0.06      0.00     89.33
11:52:29 AM     all     10.73      0.00      0.19      0.00      0.00     89.08
11:52:30 AM     all     10.37      0.00      0.38      0.00      0.00     89.25
11:52:31 AM     all     10.51      0.00      0.50      0.06      0.00     88.92
11:52:32 AM     all     10.37      0.00      0.38      0.19      0.00     89.06
11:52:33 AM     all     10.55      0.00      0.19      0.00      0.00     89.27
11:52:34 AM     all     10.15      0.00      0.75      0.00      0.00     89.10
11:52:35 AM     all     10.53      0.00      0.31      0.00      0.00     89.15
11:52:36 AM     all      9.79      0.00      1.00      0.06      0.00     89.15
11:52:37 AM     all      9.56      0.00      1.13      0.19      0.00     89.12
11:52:38 AM     all     10.13      0.00      0.63      0.38      0.00     88.87
11:52:39 AM     all     11.23      0.00      1.00      0.38      0.00     87.39
11:52:40 AM     all      9.34      0.00      1.38      0.38      0.00     88.90
11:52:41 AM     all     10.00      0.00      2.08      0.38      0.00     87.55
11:52:42 AM     all     11.47      0.00      1.38      0.44      0.00     86.71
11:52:43 AM     all     11.24      0.00      1.19      0.25      0.00     87.32
11:52:44 AM     all      9.97      0.00      1.25      0.63      0.00     88.15
11:52:45 AM     all     10.16      0.00      2.20      0.00      0.00     87.64
11:52:46 AM     all     10.18      0.00      2.14      0.00      0.00     87.69
11:52:47 AM     all     10.55      0.00      1.76      0.00      0.00     87.70
11:52:48 AM     all     11.32      0.00      0.82      0.00      0.00     87.86
11:52:49 AM     all     11.55      0.00      1.00      0.38      0.00     87.07
11:52:50 AM     all      9.78      0.00      1.94      0.38      0.00     87.90
11:52:51 AM     all     10.59      0.00      1.82      0.00      0.00     87.59
11:52:52 AM     all      9.87      0.00      2.14      0.38      0.00     87.61
11:52:53 AM     all      8.90      0.00      2.57      0.44      0.00     88.09
11:52:54 AM     all     10.18      0.00      1.88      0.57      0.00     87.37
11:52:55 AM     all     11.24      0.00      1.44      0.44      0.00     86.87
11:52:56 AM     all      3.38      0.00      0.63      0.00      0.00     95.99
11:52:57 AM     all      0.56      0.00      0.19      0.31      0.00     98.94
11:52:58 AM     all     20.44      0.00      3.03      0.13      0.00     76.40
11:52:59 AM     all     28.93      0.00      1.83      0.19      0.00     69.05
11:53:00 AM     all     33.59      0.00      1.77      0.32      0.00     64.33
11:53:01 AM     all     25.46      0.00      4.73      0.25      0.00     69.57
11:53:02 AM     all     23.53      0.00      5.57      0.25      0.00     70.65
11:53:03 AM     all     15.91      0.00      4.10      0.44      0.00     79.55
11:53:04 AM     all     13.51      0.00      3.49      0.38      0.00     82.63
11:53:05 AM     all     10.32      0.00      2.27      0.38      0.00     87.04
11:53:06 AM     all      7.30      0.00      1.95      0.38      0.00     90.37
11:53:07 AM     all      9.89      0.00      2.08      0.44      0.00     87.59
11:53:08 AM     all     10.36      0.00      2.26      0.44      0.00     86.93
11:53:09 AM     all      8.73      0.00      2.09      1.65      0.00     87.53
11:53:10 AM     all     13.07      0.00      2.95      1.19      0.00     82.78
11:53:11 AM     all     16.11      0.00      2.20      0.38      0.00     81.31
11:53:12 AM     all     11.74      0.00      1.70      0.25      0.00     86.30
11:53:13 AM     all      9.95      0.00      1.20      0.31      0.00     88.54
11:53:14 AM     all     10.89      0.00      1.51      0.50      0.00     87.09
11:53:15 AM     all      7.31      0.00      1.13      0.32      0.00     91.24
11:53:16 AM     all      8.37      0.00      1.32      0.19      0.00     90.12
11:53:17 AM     all     10.05      0.00      1.51      0.63      0.00     87.81
11:53:18 AM     all      9.57      0.00      1.76      0.44      0.00     88.23
11:53:19 AM     all      6.99      0.00      1.26      0.63      0.00     91.12
11:53:20 AM     all      6.86      0.00      1.70      0.63      0.00     90.81
11:53:21 AM     all      7.42      0.00      1.82      0.44      0.00     90.31
11:53:22 AM     all      9.30      0.00      1.70      0.44      0.00     88.57
11:53:23 AM     all      9.02      0.00      1.32      0.57      0.00     89.09
11:53:24 AM     all      9.53      0.00      1.58      0.38      0.00     88.51
11:53:25 AM     all     10.62      0.00      1.45      0.38      0.00     87.55
11:53:26 AM     all     10.16      0.00      1.26      0.32      0.00     88.26
11:53:27 AM     all      7.78      0.00      1.13      0.38      0.00     90.71
11:53:28 AM     all      9.40      0.00      1.39      0.50      0.00     88.71
11:53:29 AM     all      7.67      0.00      1.32      0.50      0.00     90.51
11:53:30 AM     all      6.89      0.00      1.14      0.32      0.00     91.66
11:53:31 AM     all      7.50      0.00      1.20      0.57      0.00     90.73
11:53:32 AM     all     10.47      0.00      1.45      0.50      0.00     87.58
11:53:33 AM     all     10.04      0.00      1.69      0.50      0.00     87.76
11:53:34 AM     all      9.14      0.00      1.39      0.38      0.00     89.09
11:53:35 AM     all      7.43      0.00      1.51      0.38      0.00     90.68
11:53:36 AM     all      7.48      0.00      1.45      0.50      0.00     90.57
11:53:37 AM     all      9.91      0.00      1.58      0.38      0.00     88.14
11:53:38 AM     all      9.63      0.00      1.51      0.57      0.00     88.29
11:53:39 AM     all      8.25      0.00      1.26      0.50      0.00     89.99
11:53:40 AM     all      9.57      0.00      1.45      0.31      0.00     88.67
11:53:41 AM     all     11.18      0.00      1.58      0.32      0.00     86.92
11:53:42 AM     all     10.69      0.00      1.82      0.31      0.00     87.17
11:53:43 AM     all      9.84      0.00      1.96      0.38      0.00     87.82
11:53:44 AM     all      7.06      0.00      1.39      0.38      0.00     91.18
11:53:45 AM     all      6.85      0.00      1.51      0.25      0.00     91.39
11:53:46 AM     all      7.85      0.00      1.51      0.50      0.00     90.14
11:53:47 AM     all     10.13      0.00      1.83      0.38      0.00     87.67
11:53:48 AM     all     10.50      0.00      1.57      0.38      0.00     87.55
11:53:49 AM     all      8.05      0.00      1.64      0.25      0.00     90.06
11:53:50 AM     all      9.91      0.00      1.39      0.69      0.00     88.01
11:53:51 AM     all      8.07      0.00      1.56      0.31      0.00     90.05
11:53:52 AM     all      7.04      0.00      1.45      0.38      0.00     91.13
11:53:53 AM     all      7.92      0.00      1.45      0.44      0.00     90.19
11:53:54 AM     all      9.72      0.00      1.94      0.31      0.00     88.03
11:53:55 AM     all     10.61      0.00      1.57      0.38      0.00     87.45
11:53:56 AM     all      6.72      0.00      1.69      0.63      0.00     90.96
11:53:57 AM     all      7.89      0.00      0.95      0.51      0.00     90.66
11:53:58 AM     all     10.23      0.00      1.83      0.38      0.00     87.56
11:53:59 AM     all      9.01      0.00      2.02      0.38      0.00     88.59
11:54:00 AM     all      7.66      0.00      1.63      0.13      0.00     90.58
11:54:01 AM     all      9.41      0.00      1.89      0.38      0.00     88.32
11:54:02 AM     all      9.14      0.00      1.45      0.88      0.00     88.53
11:54:03 AM     all      8.94      0.00      1.38      0.57      0.00     89.11
11:54:04 AM     all      3.01      0.00      0.81      0.38      0.00     95.80
11:54:05 AM     all      6.63      0.00      1.77      0.32      0.00     91.28
11:54:06 AM     all      5.96      0.00      2.07      0.50      0.00     91.46
11:54:07 AM     all      4.08      0.00      1.50      0.94      0.00     93.48
11:54:08 AM     all      5.80      0.00      2.90      0.82      0.00     90.47
11:54:09 AM     all      3.20      0.00      1.07      0.31      0.00     95.41
11:54:10 AM     all      5.33      0.00      1.94      0.69      0.00     92.03
11:54:11 AM     all      3.90      0.00      1.13      0.38      0.00     94.59
11:54:12 AM     all      5.97      0.00      1.70      0.38      0.00     91.95
11:54:13 AM     all      3.32      0.00      1.19      0.38      0.00     95.11
11:54:14 AM     all      5.16      0.00      2.26      1.38      0.00     91.19
11:54:15 AM     all      2.89      0.00      1.32      0.44      0.00     95.35
11:54:16 AM     all      5.24      0.00      1.64      0.32      0.00     92.81
11:54:17 AM     all      3.01      0.00      1.19      0.38      0.00     95.42
11:54:18 AM     all      4.47      0.00      1.76      0.44      0.00     93.32
11:54:19 AM     all      3.08      0.00      1.32      0.31      0.00     95.29
11:54:20 AM     all      5.17      0.00      1.89      0.57      0.00     92.37
11:54:21 AM     all      3.26      0.00      1.13      0.31      0.00     95.30
11:54:22 AM     all      6.77      0.00      1.96      0.19      0.00     91.08
11:54:23 AM     all      6.42      0.00      1.76      0.00      0.00     91.82
11:54:24 AM     all      6.84      0.00      2.22      0.00      0.00     90.95
11:54:25 AM     all      2.89      0.00      1.07      0.00      0.00     96.05
11:54:26 AM     all      0.38      0.00      0.19      0.00      0.00     99.44
11:54:27 AM     all      0.19      0.00      0.13      0.00      0.00     99.69
11:54:28 AM     all      0.25      0.00      0.13      0.13      0.00     99.50
11:54:29 AM     all      4.84      0.00      2.39      0.31      0.00     92.46
11:54:30 AM     all      3.01      0.00      1.19      0.38      0.00     95.43
11:54:31 AM     all      4.14      0.00      1.76      0.38      0.00     93.72
11:54:32 AM     all      2.19      0.00      1.06      0.44      0.00     96.31
11:54:33 AM     all      6.65      0.00      2.20      0.38      0.00     90.78
11:54:34 AM     all      3.57      0.00      1.32      0.38      0.00     94.73
11:54:35 AM     all      5.00      0.00      2.38      0.38      0.00     92.25
11:54:36 AM     all      1.44      0.00      0.56      0.31      0.00     97.68
11:54:37 AM     all      4.89      0.00      2.26      0.50      0.00     92.35
11:54:38 AM     all      6.47      0.00      3.02      0.38      0.00     90.13
11:54:39 AM     all      5.92      0.00      1.57      0.06      0.00     92.45
11:54:40 AM     all      5.67      0.00      2.21      0.00      0.00     92.12
11:54:41 AM     all      6.17      0.00      1.76      0.00      0.00     92.07
11:54:42 AM     all      6.01      0.00      1.88      0.00      0.00     92.12
11:54:43 AM     all      7.15      0.00      1.88      0.19      0.00     90.78
11:54:44 AM     all      6.34      0.00      1.63      0.00      0.00     92.03
11:54:45 AM     all      6.09      0.00      2.14      0.00      0.00     91.77
11:54:46 AM     all      5.16      0.00      2.27      0.00      0.00     92.57
11:54:47 AM     all      6.23      0.00      2.20      0.00      0.00     91.57
11:54:48 AM     all      6.72      0.00      1.57      0.19      0.00     91.53
11:54:49 AM     all      7.51      0.00      1.70      0.00      0.00     90.79
11:54:50 AM     all      5.87      0.00      1.20      0.00      0.00     92.93
11:54:51 AM     all      2.83      0.00      0.63      0.00      0.00     96.54
11:54:52 AM     all      0.63      0.00      0.31      0.00      0.00     99.06
11:54:53 AM     all      0.94      0.00      0.75      0.31      0.00     98.00
11:54:54 AM     all      0.69      0.00      0.44      0.00      0.00     98.87
11:54:55 AM     all      1.31      0.00      0.44      0.00      0.00     98.25
11:54:56 AM     all      0.75      0.00      0.50      0.00      0.00     98.75
11:54:57 AM     all      0.63      0.00      0.19      0.00      0.00     99.19
11:54:58 AM     all      0.25      0.00      0.19      0.00      0.00     99.56
11:54:59 AM     all      0.38      0.00      0.31      0.19      0.00     99.12
11:55:00 AM     all      0.25      0.00      0.06      0.00      0.00     99.69
11:55:01 AM     all      1.13      0.00      0.88      0.00      0.00     97.99
11:55:02 AM     all      0.37      0.00      0.25      0.00      0.00     99.38
11:55:03 AM     all      0.38      0.00      0.31      0.00      0.00     99.31
11:55:04 AM     all      0.44      0.00      0.31      0.00      0.00     99.25
11:55:05 AM     all      2.32      0.00      0.38      0.56      0.00     96.74
11:55:06 AM     all      8.34      0.00      1.64      0.57      0.00     89.45
11:55:07 AM     all      5.42      0.00      1.58      0.25      0.00     92.75
11:55:08 AM     all      2.95      0.00      0.75      0.44      0.00     95.86
11:55:09 AM     all      3.46      0.00      1.01      0.38      0.00     95.16
11:55:10 AM     all      3.26      0.00      0.94      0.38      0.00     95.42
11:55:11 AM     all      5.51      0.00      1.19      0.44      0.00     92.86
11:55:12 AM     all      2.95      0.00      1.07      0.38      0.00     95.61
11:55:13 AM     all      4.46      0.00      1.26      0.56      0.00     93.72
11:55:14 AM     all      1.94      0.00      0.88      0.50      0.00     96.68
11:55:15 AM     all      5.48      0.00      1.39      0.57      0.00     92.57
11:55:16 AM     all      2.76      0.00      1.00      0.38      0.00     95.86
11:55:17 AM     all      3.72      0.00      1.20      0.44      0.00     94.65
11:55:18 AM     all      3.19      0.00      1.19      0.44      0.00     95.18
11:55:19 AM     all      4.21      0.00      0.94      0.56      0.00     94.29
11:55:20 AM     all      3.76      0.00      1.25      0.44      0.00     94.55
11:55:21 AM     all      7.61      0.00      1.20      0.38      0.00     90.81
11:55:22 AM     all     12.27      0.00      1.13      0.50      0.00     86.10
11:55:23 AM     all      9.77      0.00      1.44      0.06      0.00     88.73
11:55:24 AM     all     12.45      0.00      0.88      0.00      0.00     86.67
11:55:25 AM     all     12.37      0.00      1.38      0.44      0.00     85.81
11:55:26 AM     all     10.59      0.00      1.13      0.44      0.00     87.84
11:55:27 AM     all     10.03      0.00      1.38      0.38      0.00     88.21
11:55:28 AM     all      5.35      0.00      4.40      7.67      0.00     82.58
11:55:29 AM     all      7.85      0.00      2.83      0.31      0.00     89.01
11:55:30 AM     all      6.70      0.00      0.88      0.00      0.00     92.41
11:55:31 AM     all      6.80      0.00      1.07      0.00      0.00     92.13
11:55:32 AM     all      6.73      0.00      1.38      0.00      0.00     91.89
11:55:33 AM     all      3.56      0.00      0.94      0.00      0.00     95.50
11:55:34 AM     all      0.88      0.00      0.38      0.19      0.00     98.56
11:55:35 AM     all      0.63      0.00      0.19      0.00      0.00     99.19
11:55:36 AM     all      0.44      0.00      0.50      0.00      0.00     99.06
11:55:37 AM     all      0.94      0.00      0.44      0.00      0.00     98.62
11:55:38 AM     all      0.63      0.00      0.69      0.00      0.00     98.69
11:55:39 AM     all      0.38      0.00      0.13      0.00      0.00     99.50
11:55:40 AM     all      0.12      0.00      0.19      0.37      0.00     99.31
11:55:41 AM     all      3.76      0.00      0.81      0.44      0.00     94.99
11:55:42 AM     all      7.63      0.00      1.38      0.38      0.00     90.62
11:55:43 AM     all      9.17      0.00      1.00      0.25      0.00     89.58
11:55:44 AM     all     12.13      0.00      1.25      0.38      0.00     86.24
11:55:45 AM     all     13.43      0.00      1.38      0.25      0.00     84.94
11:55:46 AM     all     11.07      0.00      2.45      0.44      0.00     86.04
11:55:47 AM     all      7.22      0.00      1.95      0.31      0.00     90.52
11:55:48 AM     all      3.27      0.00      0.63      0.31      0.00     95.79
11:55:49 AM     all      3.88      0.00      0.81      0.44      0.00     94.87
11:55:50 AM     all      3.84      0.00      1.19      0.31      0.00     94.65
11:55:51 AM     all      3.39      0.00      0.69      0.38      0.00     95.54
11:55:52 AM     all      4.44      0.00      0.94      0.44      0.00     94.18
11:55:53 AM     all      3.82      0.00      1.00      0.38      0.00     94.80
11:55:54 AM     all      4.21      0.00      0.82      0.38      0.00     94.59
11:55:55 AM     all      3.32      0.00      1.13      0.69      0.00     94.87
11:55:56 AM     all      4.08      0.00      0.75      0.50      0.00     94.66
11:55:57 AM     all      5.53      0.00      0.75      0.38      0.00     93.34
11:55:58 AM     all      5.34      0.00      0.88      0.38      0.00     93.40
11:55:59 AM     all      3.57      0.00      0.75      0.44      0.00     95.24
11:56:00 AM     all      3.95      0.00      0.69      0.38      0.00     94.98
11:56:01 AM     all      4.45      0.00      0.75      0.50      0.00     94.29
11:56:02 AM     all      3.52      0.00      0.94      0.38      0.00     95.17
11:56:03 AM     all      4.07      0.00      0.56      0.38      0.00     94.99
11:56:04 AM     all      3.07      0.00      1.07      0.44      0.00     95.42
11:56:05 AM     all      4.13      0.00      0.81      0.31      0.00     94.74
11:56:06 AM     all      5.85      0.00      0.63      0.31      0.00     93.20
11:56:07 AM     all      5.08      0.00      1.25      0.31      0.00     93.36
11:56:08 AM     all      3.45      0.00      0.69      0.31      0.00     95.54
11:56:09 AM     all      4.82      0.00      0.88      0.38      0.00     93.92
11:56:10 AM     all      5.44      0.00      0.88      0.31      0.00     93.37
11:56:11 AM     all      5.03      0.00      0.82      0.44      0.00     93.72
11:56:12 AM     all      3.64      0.00      0.57      0.31      0.00     95.48
11:56:13 AM     all      4.32      0.00      0.81      0.38      0.00     94.49
11:56:14 AM     all      3.94      0.00      0.69      0.38      0.00     94.99
11:56:15 AM     all      3.58      0.00      0.69      0.63      0.00     95.10
11:56:16 AM     all      5.33      0.00      1.13      0.38      0.00     93.17
11:56:17 AM     all      3.64      0.00      0.88      0.44      0.00     95.05
11:56:18 AM     all      3.25      0.00      0.69      0.50      0.00     95.56
11:56:19 AM     all      4.33      0.00      0.82      0.44      0.00     94.41
11:56:20 AM     all      2.88      0.00      0.75      0.31      0.00     96.06
11:56:21 AM     all      1.88      0.00      0.38      0.38      0.00     97.37
11:56:22 AM     all      2.31      0.00      0.50      0.37      0.00     96.82
11:56:23 AM     all      1.38      0.00      0.31      0.38      0.00     97.93
11:56:24 AM     all      2.07      0.00      0.31      0.38      0.00     97.24
11:56:25 AM     all      1.50      0.00      0.19      0.38      0.00     97.93
11:56:26 AM     all      3.94      0.00      0.50      0.38      0.00     95.18
11:56:27 AM     all      2.20      0.00      0.25      0.56      0.00     96.99
11:56:28 AM     all      1.82      0.00      0.50      0.38      0.00     97.30
11:56:29 AM     all      1.56      0.00      0.38      0.50      0.00     97.56
11:56:30 AM     all      2.32      0.00      0.31      0.38      0.00     96.99
11:56:31 AM     all      1.13      0.00      0.38      0.44      0.00     98.06
11:56:32 AM     all      1.50      0.00      0.12      0.00      0.00     98.38
11:56:33 AM     all      0.19      0.00      1.44      0.00      0.00     98.37
11:56:34 AM     all      0.19      0.00      2.38      0.38      0.00     97.06
11:56:35 AM     all      0.06      0.00      0.00      0.00      0.00     99.94
11:56:36 AM     all      0.00      0.00      0.06      0.00      0.00     99.94
11:56:37 AM     all      0.06      0.00      0.00      0.00      0.00     99.94
11:56:38 AM     all      0.00      0.00      0.06      0.00      0.00     99.94
11:56:39 AM     all      0.00      0.00      0.06      0.00      0.00     99.94
11:56:40 AM     all      0.00      0.00      0.00      0.19      0.00     99.81
11:56:41 AM     all      0.00      0.00      0.00      0.00      0.00    100.00
11:56:42 AM     all      0.06      0.00      0.06      0.00      0.00     99.88
11:56:43 AM     all      0.00      0.00      0.06      0.00      0.00     99.94
11:56:44 AM     all      0.00      0.00      0.00      0.00      0.00    100.00
11:56:45 AM     all      0.00      0.00      0.00      0.25      0.00     99.75
11:56:46 AM     all      0.00      0.00      0.00      0.00      0.00    100.00
11:56:47 AM     all      0.00      0.00      0.00      0.00      0.00    100.00
11:56:48 AM     all      0.00      0.00      0.00      0.00      0.00    100.00
11:56:49 AM     all      0.00      0.00      0.00      0.00      0.00    100.00
11:56:50 AM     all      0.00      0.00      0.06      0.12      0.00     99.81
11:56:51 AM     all      0.00      0.00      0.00      0.00      0.00    100.00
