Linux 4.4.0-66-generic (CSPARKWORKnode4) 	10/23/2017 	_x86_64_	(16 CPU)

11:46:23 AM     CPU     %user     %nice   %system   %iowait    %steal     %idle
11:46:24 AM     all      0.00      0.00      0.00      6.20      0.00     93.80
11:46:25 AM     all      0.19      0.00      0.13      6.00      0.00     93.68
11:46:26 AM     all      1.38      0.00      0.38      5.07      0.00     93.18
11:46:27 AM     all      0.44      0.00      0.19      6.13      0.00     93.25
11:46:28 AM     all      0.25      0.00      0.06      6.13      0.00     93.56
11:46:29 AM     all      0.12      0.00      0.06      6.25      0.00     93.56
11:46:30 AM     all      1.38      0.00      0.19      5.75      0.00     92.69
11:46:31 AM     all      2.19      0.00      0.44      4.94      0.00     92.43
11:46:32 AM     all      1.25      0.00      0.13      5.57      0.00     93.06
11:46:33 AM     all      0.94      0.00      0.13      5.33      0.00     93.61
11:46:34 AM     all      3.26      0.00      0.56      4.07      0.00     92.11
11:46:35 AM     all      3.64      0.00      0.25      4.77      0.00     91.34
11:46:36 AM     all      1.94      0.00      0.38      4.45      0.00     93.23
11:46:37 AM     all      9.05      0.00      0.69      2.83      0.00     87.44
11:46:38 AM     all      3.13      0.00      0.06      1.56      0.00     95.25
11:46:39 AM     all      0.00      0.00      0.06      0.06      0.00     99.87
11:46:40 AM     all      0.00      0.00      0.00      0.06      0.00     99.94
11:46:41 AM     all      0.00      0.00      0.06      0.06      0.00     99.88
11:46:42 AM     all      0.00      0.00      0.00      0.19      0.00     99.81
11:46:43 AM     all      0.00      0.00      0.06      0.06      0.00     99.88
11:46:44 AM     all      0.00      0.00      0.00      0.06      0.00     99.94
11:46:45 AM     all      0.00      0.00      0.06      0.06      0.00     99.87
11:46:46 AM     all      0.06      0.00      0.00      0.00      0.00     99.94
11:46:47 AM     all      0.06      0.00      0.00      0.06      0.00     99.88
11:46:48 AM     all      0.00      0.00      0.00      0.25      0.00     99.75
11:46:49 AM     all      0.00      0.00      0.00      0.06      0.00     99.94
11:46:50 AM     all      0.00      0.00      0.00      0.00      0.00    100.00
11:46:51 AM     all      0.00      0.00      0.00      0.06      0.00     99.94
11:46:52 AM     all      0.00      0.00      0.06      0.06      0.00     99.88
11:46:53 AM     all      0.00      0.00      0.00      0.06      0.00     99.94
11:46:54 AM     all      0.06      0.00      0.00      0.31      0.00     99.62
11:46:55 AM     all      0.00      0.00      0.00      0.06      0.00     99.94
11:46:56 AM     all      0.00      0.00      0.00      0.06      0.00     99.94
11:46:57 AM     all      0.00      0.00      0.00      0.00      0.00    100.00
11:46:58 AM     all      0.00      0.00      0.00      0.12      0.00     99.88
11:46:59 AM     all      0.00      0.00      0.00      0.19      0.00     99.81
11:47:00 AM     all      0.00      0.00      0.00      0.06      0.00     99.94
11:47:01 AM     all      0.00      0.00      0.00      0.06      0.00     99.94
11:47:02 AM     all      0.06      0.00      0.06      0.06      0.00     99.81
11:47:03 AM     all      0.00      0.00      0.00      0.06      0.00     99.94
11:47:04 AM     all      0.00      0.00      0.00      0.31      0.00     99.69
11:47:05 AM     all      0.06      0.00      0.00      0.00      0.00     99.94
11:47:06 AM     all      0.00      0.00      0.06      0.06      0.00     99.88
11:47:07 AM     all      0.06      0.00      0.00      0.06      0.00     99.88
11:47:08 AM     all      1.25      0.00      0.25      0.75      0.00     97.74
11:47:09 AM     all      0.00      0.00      0.06      0.19      0.00     99.75
11:47:10 AM     all      1.90      0.00      1.20      0.06      0.00     96.83
11:47:11 AM     all      8.80      0.00      5.12      0.20      0.00     85.88
11:47:12 AM     all     11.20      0.00      4.17      0.46      0.00     84.18
11:47:13 AM     all     12.21      0.00      5.04      0.00      0.00     82.75
11:47:14 AM     all     11.28      0.00      4.83      2.58      0.00     81.31
11:47:15 AM     all      9.60      0.00      3.22      3.93      0.00     83.25
11:47:16 AM     all      2.21      0.00      2.08     12.30      0.00     83.41
11:47:17 AM     all      0.38      0.00      0.25     13.04      0.00     86.33
11:47:18 AM     all      3.20      0.00      2.18     18.25      0.00     76.38
11:47:19 AM     all      2.61      0.00      1.72     19.13      0.00     76.53
11:47:20 AM     all      0.06      0.00      0.06      6.31      0.00     93.57
11:47:21 AM     all      0.31      0.00      0.13      5.88      0.00     93.68
11:47:22 AM     all      0.56      0.00      0.63      5.38      0.00     93.43
11:47:23 AM     all      6.17      0.00      1.01      5.73      0.00     87.10
11:47:24 AM     all      6.21      0.00      1.13      5.64      0.00     87.02
11:47:25 AM     all      6.02      0.00      1.75      3.20      0.00     89.04
11:47:26 AM     all      6.20      0.00      1.25      6.20      0.00     86.34
11:47:27 AM     all      5.77      0.00      0.94      4.71      0.00     88.58
11:47:28 AM     all      0.00      0.00      0.06      6.31      0.00     93.62
11:47:29 AM     all      5.51      0.00      1.19      9.71      0.00     83.58
11:47:30 AM     all      6.02      0.00      1.38     11.41      0.00     81.19
11:47:31 AM     all      6.27      0.00      1.38      8.65      0.00     83.70
11:47:32 AM     all      5.98      0.00      1.01      8.94      0.00     84.07
11:47:33 AM     all      4.47      0.00      2.27      8.07      0.00     85.19
11:47:34 AM     all      0.06      0.00      0.00     12.51      0.00     87.43
11:47:35 AM     all      0.06      0.00      0.06     12.50      0.00     87.38
11:47:36 AM     all      0.00      0.00      0.00     16.14      0.00     83.86
11:47:37 AM     all      0.13      0.00      0.25     14.95      0.00     84.68
11:47:38 AM     all      0.00      0.00      0.00     12.52      0.00     87.48
11:47:39 AM     all      0.00      0.00      0.00     12.56      0.00     87.44
11:47:40 AM     all      0.00      0.00      0.06      7.01      0.00     92.93
11:47:41 AM     all      0.00      0.00      0.00      6.32      0.00     93.68
11:47:42 AM     all      0.00      0.00      0.13      9.88      0.00     89.99
11:47:43 AM     all      0.00      0.00      0.00      6.46      0.00     93.54
11:47:44 AM     all      0.00      0.00      0.00     11.76      0.00     88.24
11:47:45 AM     all      0.00      0.00      0.00     12.55      0.00     87.45
11:47:46 AM     all      0.00      0.00      0.25     12.32      0.00     87.43
11:47:47 AM     all      0.00      0.00      0.00      6.63      0.00     93.37
11:47:48 AM     all      0.00      0.00      0.00      6.32      0.00     93.68
11:47:49 AM     all      0.00      0.00      0.00     11.57      0.00     88.43
11:47:50 AM     all      0.00      0.00      0.00     12.52      0.00     87.48
11:47:51 AM     all      1.57      0.00      0.38      6.90      0.00     91.16
11:47:52 AM     all      5.89      0.00      1.13      0.63      0.00     92.36
11:47:53 AM     all      6.51      0.00      0.63      0.00      0.00     92.86
11:47:54 AM     all      6.40      0.00      1.00      0.06      0.00     92.53
11:47:55 AM     all      5.86      0.00      1.07      0.38      0.00     92.70
11:47:56 AM     all      6.23      0.00      0.94      5.41      0.00     87.41
11:47:57 AM     all      6.03      0.00      1.32     12.51      0.00     80.14
11:47:58 AM     all      6.32      0.00      1.00      7.57      0.00     85.12
11:47:59 AM     all      6.07      0.00      1.19      6.20      0.00     86.54
11:48:00 AM     all      6.40      0.00      0.94      6.27      0.00     86.39
11:48:01 AM     all      6.23      0.00      1.13      7.74      0.00     84.91
11:48:02 AM     all      6.34      0.00      0.82      7.47      0.00     85.36
11:48:03 AM     all      6.15      0.00      0.94      6.27      0.00     86.64
11:48:04 AM     all      6.16      0.00      0.82      6.22      0.00     86.81
11:48:05 AM     all      6.28      0.00      0.94      6.28      0.00     86.50
11:48:06 AM     all      4.76      0.00      0.88      6.20      0.00     88.16
11:48:07 AM     all      0.00      0.00      0.06      6.25      0.00     93.68
11:48:08 AM     all      0.00      0.00      0.06      6.31      0.00     93.62
11:48:09 AM     all      0.00      0.00      0.00     17.89      0.00     82.11
11:48:10 AM     all      0.50      0.00      1.25     18.70      0.00     79.55
11:48:11 AM     all      0.00      0.00      0.00      6.32      0.00     93.68
11:48:12 AM     all      0.00      0.00      0.06      6.25      0.00     93.69
11:48:13 AM     all      0.00      0.00      0.06      6.32      0.00     93.62
11:48:14 AM     all      0.00      0.00      0.06      6.31      0.00     93.63
11:48:15 AM     all      0.13      0.00      0.13      5.08      0.00     94.67
11:48:16 AM     all      5.03      0.00      1.51      2.14      0.00     91.33
11:48:17 AM     all     14.19      0.00      1.69      0.06      0.00     84.06
11:48:18 AM     all      9.62      0.00      1.13      0.25      0.00     88.99
11:48:19 AM     all      0.00      0.00      0.00      0.06      0.00     99.94
11:48:20 AM     all      0.12      0.00      0.06      0.06      0.00     99.75
11:48:21 AM     all      0.06      0.00      0.00      0.06      0.00     99.88
11:48:22 AM     all      0.06      0.00      0.00      0.31      0.00     99.62
11:48:23 AM     all      0.06      0.00      0.06      0.06      0.00     99.81
11:48:24 AM     all      0.06      0.00      0.00      0.06      0.00     99.87
11:48:25 AM     all      0.00      0.00      0.19      0.50      0.00     99.31
11:48:26 AM     all      0.00      0.00      0.00      6.32      0.00     93.68
11:48:27 AM     all      0.00      0.00      0.06      6.25      0.00     93.68
11:48:28 AM     all      0.06      0.00      0.06      6.64      0.00     93.24
11:48:29 AM     all      0.00      0.00      0.00      6.38      0.00     93.62
11:48:30 AM     all      0.06      0.00      0.19      6.12      0.00     93.62
11:48:31 AM     all      0.00      0.00      0.00      6.26      0.00     93.74
11:48:32 AM     all      0.00      0.00      0.00      6.32      0.00     93.68
11:48:33 AM     all      0.00      0.00      0.00      9.44      0.00     90.56
11:48:34 AM     all      0.19      0.00      0.00     18.71      0.00     81.10
11:48:35 AM     all      0.00      0.00      0.00     18.70      0.00     81.30
11:48:36 AM     all      0.06      0.00      0.19      7.06      0.00     92.69
11:48:37 AM     all      0.00      0.00      0.00      6.32      0.00     93.68
11:48:38 AM     all      0.00      0.00      0.00      9.26      0.00     90.74
11:48:39 AM     all      0.06      0.00      0.06     18.75      0.00     81.12
11:48:40 AM     all      0.00      0.00      0.00     18.76      0.00     81.24
11:48:41 AM     all      0.00      0.00      0.13     15.97      0.00     83.91
11:48:42 AM     all      0.00      0.00      0.00     11.45      0.00     88.55
11:48:43 AM     all      0.06      0.00      0.00      6.31      0.00     93.63
11:48:44 AM     all      0.00      0.00      0.00      8.95      0.00     91.05
11:48:45 AM     all      0.00      0.00      0.00     18.81      0.00     81.19
11:48:46 AM     all      0.00      0.00      0.06     18.71      0.00     81.23
11:48:47 AM     all      0.06      0.00      0.12     15.81      0.00     84.00
11:48:48 AM     all      0.00      0.00      0.00      6.32      0.00     93.68
11:48:49 AM     all      0.00      0.00      0.06      6.31      0.00     93.62
11:48:50 AM     all      0.00      0.00      0.06      6.26      0.00     93.68
11:48:51 AM     all      0.00      0.00      0.00      3.38      0.00     96.62
11:48:52 AM     all      0.06      0.00      0.06      0.06      0.00     99.81
11:48:53 AM     all      0.06      0.00      0.06      0.06      0.00     99.81
11:48:54 AM     all      0.06      0.00      0.00      0.06      0.00     99.87
11:48:55 AM     all      0.00      0.00      0.00      0.19      0.00     99.81
11:48:56 AM     all     12.90      0.00      1.44      1.88      0.00     83.78
11:48:57 AM     all     19.65      0.00      1.71      0.06      0.00     78.58
11:48:58 AM     all     51.98      0.00      3.89      0.00      0.00     44.13
11:48:59 AM     all     67.32      0.00     10.45      0.31      0.00     21.91
11:49:00 AM     all     62.86      0.00     12.04      0.00      0.00     25.10
11:49:01 AM     all     72.91      0.00     12.63      0.00      0.00     14.47
11:49:02 AM     all     58.56      0.00     12.91      0.00      0.00     28.53
11:49:03 AM     all     72.69      0.00     22.19      0.06      0.00      5.06
11:49:04 AM     all     77.88      0.00     10.94      0.00      0.00     11.19
11:49:05 AM     all     81.14      0.00      7.39      0.13      0.00     11.34
11:49:06 AM     all     82.82      0.00      6.29      0.00      0.00     10.89
11:49:07 AM     all     84.66      0.00      6.16      0.00      0.00      9.18
11:49:08 AM     all     86.99      0.00      6.66      0.00      0.00      6.35
11:49:09 AM     all     34.84      0.00      2.96      0.06      0.00     62.14
11:49:10 AM     all      0.00      0.00      0.00      0.06      0.00     99.94
11:49:11 AM     all      0.00      0.00      0.06      0.06      0.00     99.88
11:49:12 AM     all      0.00      0.00      0.00      0.19      0.00     99.81
11:49:13 AM     all      0.00      0.00      0.06      0.06      0.00     99.88
11:49:14 AM     all      0.19      0.00      0.13      0.13      0.00     99.56
11:49:15 AM     all      0.63      0.00      1.00      0.44      0.00     97.93
11:49:16 AM     all      0.00      0.00      0.00      0.06      0.00     99.94
11:49:17 AM     all      0.00      0.00      0.06      0.06      0.00     99.88
11:49:18 AM     all      0.06      0.00      0.00      0.06      0.00     99.87
11:49:19 AM     all      0.06      0.00      0.00      0.06      0.00     99.88
11:49:20 AM     all      0.00      0.00      0.00      0.06      0.00     99.94
11:49:21 AM     all      0.00      0.00      0.00      0.19      0.00     99.81
11:49:22 AM     all      0.00      0.00      0.00      0.06      0.00     99.94
11:49:23 AM     all      0.00      0.00      0.00      0.06      0.00     99.94
11:49:24 AM     all      0.00      0.00      0.00      0.06      0.00     99.94
11:49:25 AM     all      0.69      0.00      0.25      0.19      0.00     98.87
11:49:26 AM     all      1.13      0.00      0.94      3.13      0.00     94.80
11:49:27 AM     all     12.36      0.00      1.63      0.06      0.00     85.95
11:49:28 AM     all     12.82      0.00      1.13      0.06      0.00     85.98
11:49:29 AM     all      1.94      0.00      0.00      0.00      0.00     98.06
11:49:30 AM     all      0.06      0.00      0.00      0.12      0.00     99.81
11:49:31 AM     all      0.00      0.00      0.00      0.00      0.00    100.00
11:49:32 AM     all      0.06      0.00      0.06      0.31      0.00     99.56
11:49:33 AM     all      0.00      0.00      0.00      0.06      0.00     99.94
11:49:34 AM     all      0.06      0.00      0.00      0.06      0.00     99.88
11:49:35 AM     all      0.00      0.00      0.06      0.06      0.00     99.88
11:49:36 AM     all      0.06      0.00      0.00      0.00      0.00     99.94
11:49:37 AM     all      0.25      0.00      0.13      0.50      0.00     99.12
11:49:38 AM     all      0.00      0.00      0.00      0.00      0.00    100.00
11:49:39 AM     all     10.57      0.00      1.32      1.76      0.00     86.35
11:49:40 AM     all     11.94      0.00      0.82      0.38      0.00     86.86
11:49:41 AM     all     31.66      0.00      2.19      1.25      0.00     64.89
11:49:42 AM     all     33.12      0.00      4.01      0.64      0.00     62.24
11:49:43 AM     all     39.62      0.00      1.52      0.00      0.00     58.86
11:49:44 AM     all     28.48      0.00      3.34      0.19      0.00     67.99
11:49:45 AM     all     23.63      0.00      4.49      0.44      0.00     71.45
11:49:46 AM     all     21.16      0.00      5.04      0.44      0.00     73.36
11:49:47 AM     all     21.11      0.00      3.29      0.44      0.00     75.16
11:49:48 AM     all     20.20      0.00      4.03      0.25      0.00     75.52
11:49:49 AM     all     16.46      0.00      3.33      0.57      0.00     79.65
11:49:50 AM     all     14.17      0.00      3.65      0.31      0.00     81.86
11:49:51 AM     all     14.55      0.00      3.70      9.53      0.00     72.23
11:49:52 AM     all     14.20      0.00      2.64      0.44      0.00     82.72
11:49:53 AM     all     15.13      0.00      2.90      0.38      0.00     81.59
11:49:54 AM     all     13.42      0.00      2.57      0.38      0.00     83.64
11:49:55 AM     all      8.99      0.00      2.70      0.50      0.00     87.80
11:49:56 AM     all     13.39      0.00      3.41      0.25      0.00     82.94
11:49:57 AM     all     15.45      0.00      2.84      0.32      0.00     81.40
11:49:58 AM     all     14.20      0.00      3.39      1.38      0.00     81.02
11:49:59 AM     all     14.92      0.00      3.40      0.38      0.00     81.31
11:50:00 AM     all     13.53      0.00      3.08      0.38      0.00     83.01
11:50:01 AM     all     13.71      0.00      3.27      0.38      0.00     82.64
11:50:02 AM     all     12.81      0.00      2.32      1.00      0.00     83.87
11:50:03 AM     all     10.96      0.00      2.32      0.38      0.00     86.35
11:50:04 AM     all     11.86      0.00      2.82      0.44      0.00     84.87
11:50:05 AM     all     13.53      0.00      1.95      0.38      0.00     84.14
11:50:06 AM     all     13.39      0.00      2.83      0.31      0.00     83.47
11:50:07 AM     all     15.39      0.00      1.95      0.69      0.00     81.97
11:50:08 AM     all     15.49      0.00      2.39      0.38      0.00     81.74
11:50:09 AM     all     13.50      0.00      1.82      0.31      0.00     84.37
11:50:10 AM     all     13.66      0.00      0.69      0.31      0.00     85.34
11:50:11 AM     all     14.85      0.00      2.83      0.38      0.00     81.94
11:50:12 AM     all     16.38      0.00      0.56      0.38      0.00     82.67
11:50:13 AM     all     15.06      0.00      2.77      0.38      0.00     81.79
11:50:14 AM     all     14.73      0.00      0.50      3.08      0.00     81.69
11:50:15 AM     all     12.98      0.00      0.88      0.25      0.00     85.89
11:50:16 AM     all     14.59      0.00      2.08      0.38      0.00     82.96
11:50:17 AM     all     13.56      0.00      0.32      0.38      0.00     85.75
11:50:18 AM     all     13.73      0.00      1.76      0.38      0.00     84.14
11:50:19 AM     all     12.63      0.00      0.63      0.44      0.00     86.30
11:50:20 AM     all     12.34      0.00      0.31      1.39      0.00     85.96
11:50:21 AM     all     13.12      0.00      1.32      0.25      0.00     85.31
11:50:22 AM     all     16.02      0.00      0.69      0.06      0.00     83.23
11:50:23 AM     all     14.64      0.00      0.57      0.50      0.00     84.29
11:50:24 AM     all     14.57      0.00      1.45      0.32      0.00     83.66
11:50:25 AM     all     16.53      0.00      0.50      0.44      0.00     82.52
11:50:26 AM     all     14.17      0.00      2.26      2.07      0.00     81.50
11:50:27 AM     all     15.72      0.00      0.94      0.44      0.00     82.89
11:50:28 AM     all     11.06      0.00      2.01      0.50      0.00     86.43
11:50:29 AM     all     12.31      0.00      1.44      1.75      0.00     84.50
11:50:30 AM     all     15.18      0.00      0.76      0.44      0.00     83.63
11:50:31 AM     all     17.03      0.00      0.69      0.31      0.00     81.96
11:50:32 AM     all     15.44      0.00      1.26      0.88      0.00     82.42
11:50:33 AM     all     13.54      0.00      0.31      0.31      0.00     85.83
11:50:34 AM     all     12.22      0.00      0.38      0.44      0.00     86.97
11:50:35 AM     all     11.59      0.00      0.57      0.38      0.00     87.47
11:50:36 AM     all     12.38      0.00      0.31      0.50      0.00     86.80
11:50:37 AM     all     12.90      0.00      0.50      0.50      0.00     86.10
11:50:38 AM     all     11.49      0.00      0.82      0.75      0.00     86.94
11:50:39 AM     all     15.48      0.00      0.50      0.38      0.00     83.64
11:50:40 AM     all     14.07      0.00      0.69      0.38      0.00     84.86
11:50:41 AM     all     12.80      0.00      0.50      0.50      0.00     86.20
11:50:42 AM     all     12.26      0.00      0.94      0.38      0.00     86.43
11:50:43 AM     all     12.36      0.00      1.94      3.39      0.00     82.31
11:50:44 AM     all     16.29      0.00      0.50      0.38      0.00     82.83
11:50:45 AM     all      5.40      0.00      0.25      1.44      0.00     92.91
11:50:46 AM     all      7.11      0.00      1.13      0.25      0.00     91.50
11:50:47 AM     all     11.46      0.00      1.46      0.06      0.00     87.02
11:50:48 AM     all      0.00      0.00      0.00      0.00      0.00    100.00
11:50:49 AM     all      0.06      0.00      0.00      0.00      0.00     99.94
11:50:50 AM     all      0.06      0.00      0.00      0.00      0.00     99.94
11:50:51 AM     all      6.70      0.00      0.75      0.38      0.00     92.17
11:50:52 AM     all     14.98      0.00      1.32      0.31      0.00     83.39
11:50:53 AM     all     17.55      0.00      1.39      0.00      0.00     81.06
11:50:54 AM     all      0.50      0.00      0.19      0.31      0.00     99.00
11:50:55 AM     all      6.35      0.00      0.44      0.31      0.00     92.89
11:50:56 AM     all      7.72      0.00      1.39      0.70      0.00     90.19
11:50:57 AM     all     11.39      0.00      0.44      0.38      0.00     87.79
11:50:58 AM     all     19.40      0.00      1.44      0.31      0.00     78.84
11:50:59 AM     all     15.02      0.00      1.57      1.19      0.00     82.21
11:51:00 AM     all      4.76      0.00      0.38      0.25      0.00     94.61
11:51:01 AM     all      4.96      0.00      1.00      1.51      0.00     92.53
11:51:02 AM     all     11.24      0.00      1.26      0.00      0.00     87.51
11:51:03 AM     all     11.20      0.00      1.25      0.31      0.00     87.23
11:51:04 AM     all      6.27      0.00      0.69      0.31      0.00     92.73
11:51:05 AM     all      6.14      0.00      0.75      0.44      0.00     92.67
11:51:06 AM     all      9.47      0.00      1.07      0.56      0.00     88.90
11:51:07 AM     all      5.95      0.00      0.69      0.38      0.00     92.98
11:51:08 AM     all      6.83      0.00      0.81      0.31      0.00     92.05
11:51:09 AM     all     10.33      0.00      1.00      0.31      0.00     88.36
11:51:10 AM     all      6.51      0.00      0.50      0.38      0.00     92.61
11:51:11 AM     all      6.08      0.00      0.56      0.44      0.00     92.92
11:51:12 AM     all      9.65      0.00      0.94      0.44      0.00     88.97
11:51:13 AM     all      6.39      0.00      0.63      0.38      0.00     92.61
11:51:14 AM     all      6.32      0.00      0.69      0.25      0.00     92.74
11:51:15 AM     all      8.91      0.00      1.00      0.31      0.00     89.77
11:51:16 AM     all      5.63      0.00      0.81      0.38      0.00     93.18
11:51:17 AM     all      6.14      0.00      0.69      0.38      0.00     92.80
11:51:18 AM     all      9.66      0.00      1.19      0.31      0.00     88.84
11:51:19 AM     all      7.52      0.00      0.63      0.31      0.00     91.54
11:51:20 AM     all     11.19      0.00      1.07      0.38      0.00     87.36
11:51:21 AM     all      6.52      0.00      0.63      0.56      0.00     92.29
11:51:22 AM     all      6.01      0.00      0.56      0.38      0.00     93.05
11:51:23 AM     all      9.67      0.00      1.13      0.38      0.00     88.82
11:51:24 AM     all      5.39      0.00      1.25      1.13      0.00     92.23
11:51:25 AM     all      5.89      0.00      0.81      0.31      0.00     92.98
11:51:26 AM     all      6.15      0.00      0.69      0.56      0.00     92.60
11:51:27 AM     all     10.02      0.00      1.38      0.38      0.00     88.23
11:51:28 AM     all      5.45      0.00      1.13      0.38      0.00     93.05
11:51:29 AM     all      5.58      0.00      1.25      3.38      0.00     89.79
11:51:30 AM     all      9.29      0.00      1.44      6.47      0.00     82.80
11:51:31 AM     all      5.58      0.00      0.63      4.71      0.00     89.08
11:51:32 AM     all      5.90      0.00      0.63      0.31      0.00     93.15
11:51:33 AM     all     28.17      0.00      3.45      0.38      0.00     68.01
11:51:34 AM     all     48.11      0.00      2.90      0.06      0.00     48.93
11:51:35 AM     all     40.78      0.00      1.89      0.00      0.00     57.32
11:51:36 AM     all     32.31      0.00      1.19      0.75      0.00     65.75
11:51:37 AM     all     21.48      0.00      1.38      0.00      0.00     77.14
11:51:38 AM     all     14.64      0.00      0.63      0.44      0.00     84.29
11:51:39 AM     all     10.68      0.00      0.57      0.31      0.00     88.44
11:51:40 AM     all      9.79      0.00      0.44      0.25      0.00     89.52
11:51:41 AM     all      8.28      0.00      0.56      0.56      0.00     90.59
11:51:42 AM     all      6.15      0.00      0.56      0.31      0.00     92.97
11:51:43 AM     all      6.16      0.00      0.31      0.44      0.00     93.09
11:51:44 AM     all      5.89      0.00      0.50      0.44      0.00     93.17
11:51:45 AM     all      7.05      0.00      0.44      0.76      0.00     91.75
11:51:46 AM     all      5.89      0.00      0.56      0.56      0.00     92.99
11:51:47 AM     all      6.03      0.00      0.19      0.06      0.00     93.72
11:51:48 AM     all      8.79      0.00      0.44      0.25      0.00     90.52
11:51:49 AM     all      9.58      0.00      0.63      0.38      0.00     89.42
11:51:50 AM     all      9.36      0.00      0.25      0.44      0.00     89.95
11:51:51 AM     all      6.34      0.00      0.44      0.19      0.00     93.03
11:51:52 AM     all      9.46      0.00      0.63      0.44      0.00     89.47
11:51:53 AM     all     10.48      0.00      0.56      0.44      0.00     88.51
11:51:54 AM     all     10.75      0.00      0.63      0.38      0.00     88.25
11:51:55 AM     all     11.08      0.00      0.88      0.38      0.00     87.66
11:51:56 AM     all     10.23      0.00      1.32      0.44      0.00     88.01
11:51:57 AM     all     10.19      0.00      0.82      0.38      0.00     88.62
11:51:58 AM     all     10.94      0.00      0.44      0.38      0.00     88.25
11:51:59 AM     all     11.97      0.00      0.63      0.32      0.00     87.08
11:52:00 AM     all     11.87      0.00      0.57      0.38      0.00     87.19
11:52:01 AM     all     11.81      0.00      0.88      1.38      0.00     85.93
11:52:02 AM     all     11.86      0.00      0.25      0.50      0.00     87.38
11:52:03 AM     all     11.88      0.00      0.44      0.25      0.00     87.43
11:52:04 AM     all     11.18      0.00      0.63      0.38      0.00     87.81
11:52:05 AM     all     11.37      0.00      0.57      0.25      0.00     87.81
11:52:06 AM     all     10.69      0.00      0.82      1.07      0.00     87.43
11:52:07 AM     all     10.47      0.00      0.50      0.44      0.00     88.58
11:52:08 AM     all     11.82      0.00      0.50      0.25      0.00     87.42
11:52:09 AM     all     11.81      0.00      0.75      0.00      0.00     87.44
11:52:10 AM     all     11.95      0.00      0.63      0.00      0.00     87.42
11:52:11 AM     all     11.63      0.00      0.94      0.38      0.00     87.05
11:52:12 AM     all     11.99      0.00      0.56      0.06      0.00     87.38
11:52:13 AM     all     12.06      0.00      0.50      0.19      0.00     87.25
11:52:14 AM     all     11.81      0.00      0.69      0.00      0.00     87.50
11:52:15 AM     all     12.05      0.00      0.69      0.38      0.00     86.89
11:52:16 AM     all     12.44      0.00      0.75      0.00      0.00     86.81
11:52:17 AM     all     12.13      0.00      0.63      0.00      0.00     87.24
11:52:18 AM     all     11.82      0.00      0.82      0.00      0.00     87.37
11:52:19 AM     all     11.64      0.00      0.82      0.00      0.00     87.55
11:52:20 AM     all     11.82      0.00      0.75      0.44      0.00     86.99
11:52:21 AM     all     10.89      0.00      1.51      0.00      0.00     87.59
11:52:22 AM     all     11.37      0.00      1.19      0.06      0.00     87.37
11:52:23 AM     all     11.45      0.00      1.01      0.00      0.00     87.55
11:52:24 AM     all     11.13      0.00      1.57      0.31      0.00     86.98
11:52:25 AM     all     11.62      0.00      1.07      0.38      0.00     86.93
11:52:26 AM     all     11.50      0.00      1.32      0.31      0.00     86.86
11:52:27 AM     all     13.27      0.00      2.14      0.44      0.00     84.15
11:52:28 AM     all     14.60      0.00      2.08      0.50      0.00     82.82
11:52:29 AM     all     12.81      0.00      2.01      0.06      0.00     85.12
11:52:30 AM     all     11.43      0.00      1.13      0.00      0.00     87.44
11:52:31 AM     all     11.13      0.00      1.51      0.06      0.00     87.30
11:52:32 AM     all     10.25      0.00      2.39      0.00      0.00     87.36
11:52:33 AM     all     11.37      0.00      1.76      0.00      0.00     86.87
11:52:34 AM     all     11.57      0.00      1.19      0.06      0.00     87.17
11:52:35 AM     all     13.23      0.00      2.52      0.00      0.00     84.25
11:52:36 AM     all     11.45      0.00      2.89      2.26      0.00     83.40
11:52:37 AM     all     10.87      0.00      1.88      0.00      0.00     87.25
11:52:38 AM     all     13.89      0.00      2.07      0.38      0.00     83.66
11:52:39 AM     all     13.28      0.00      2.45      1.01      0.00     83.26
11:52:40 AM     all     10.43      0.00      2.39      0.00      0.00     87.19
11:52:41 AM     all     10.75      0.00      2.14      0.38      0.00     86.74
11:52:42 AM     all     10.04      0.00      2.70      0.00      0.00     87.26
11:52:43 AM     all     11.89      0.00      0.63      0.00      0.00     87.48
11:52:44 AM     all     14.20      0.00      2.07      0.38      0.00     83.34
11:52:45 AM     all     12.37      0.00      3.33      0.44      0.00     83.86
11:52:46 AM     all      5.40      0.00      7.15      0.00      0.00     87.45
11:52:47 AM     all      5.83      0.00      9.96      2.07      0.00     82.14
11:52:48 AM     all      9.42      0.00      9.36      0.57      0.00     80.65
11:52:49 AM     all     11.48      0.00     10.10      1.07      0.00     77.35
11:52:50 AM     all     14.16      0.00      8.81      0.38      0.00     76.65
11:52:51 AM     all     17.39      0.00      3.01      0.38      0.00     79.22
11:52:52 AM     all     10.71      0.00      3.34      8.31      0.00     77.64
11:52:53 AM     all      8.28      0.00      8.66      2.70      0.00     80.36
11:52:54 AM     all      8.54      0.00     10.43      0.25      0.00     80.78
11:52:55 AM     all      9.41      0.00      6.18     13.31      0.00     71.10
11:52:56 AM     all     10.55      0.00      2.97      2.31      0.00     84.17
11:52:57 AM     all     11.22      0.00      2.02      2.71      0.00     84.06
11:52:58 AM     all     25.90      0.00      2.91      0.76      0.00     70.44
11:52:59 AM     all     35.93      0.00      4.17      4.24      0.00     55.66
11:53:00 AM     all     27.65      0.00      4.31      2.79      0.00     65.25
11:53:01 AM     all     20.65      0.00      4.94      2.47      0.00     71.94
11:53:02 AM     all     24.34      0.00      7.46      0.70      0.00     67.51
11:53:03 AM     all     22.34      0.00      4.44      0.38      0.00     72.84
11:53:04 AM     all     16.23      0.00      3.79      1.07      0.00     78.90
11:53:05 AM     all     13.68      0.00      3.44      1.34      0.00     81.55
11:53:06 AM     all     15.28      0.00      3.09      1.14      0.00     80.49
11:53:07 AM     all     17.80      0.00      2.70      1.26      0.00     78.24
11:53:08 AM     all     14.36      0.00      2.02      0.38      0.00     83.25
11:53:09 AM     all     12.16      0.00      1.50      0.50      0.00     85.83
11:53:10 AM     all     11.76      0.00      2.02      0.38      0.00     85.84
11:53:11 AM     all     10.64      0.00      1.51      0.31      0.00     87.54
11:53:12 AM     all     12.05      0.00      1.45      0.76      0.00     85.74
11:53:13 AM     all     10.33      0.00      1.32      0.32      0.00     88.03
11:53:14 AM     all     10.11      0.00      1.14      0.44      0.00     88.31
11:53:15 AM     all      8.57      0.00      1.20      0.32      0.00     89.92
11:53:16 AM     all     12.92      0.00      1.83      0.38      0.00     84.88
11:53:17 AM     all     10.30      0.00      1.58      0.32      0.00     87.81
11:53:18 AM     all     10.17      0.00      1.32      0.31      0.00     88.20
11:53:19 AM     all      8.53      0.00      0.95      0.57      0.00     89.95
11:53:20 AM     all      9.22      0.00      1.20      0.32      0.00     89.27
11:53:21 AM     all     10.45      0.00      1.13      0.31      0.00     88.10
11:53:22 AM     all     10.23      0.00      1.51      0.38      0.00     87.89
11:53:23 AM     all      9.00      0.00      1.51      0.50      0.00     88.99
11:53:24 AM     all      9.18      0.00      1.32      0.38      0.00     89.13
11:53:25 AM     all     10.45      0.00      1.57      0.44      0.00     87.54
11:53:26 AM     all      8.93      0.00      2.01      0.57      0.00     88.49
11:53:27 AM     all      8.78      0.00      1.45      0.44      0.00     89.32
11:53:28 AM     all     11.08      0.00      1.51      0.44      0.00     86.96
11:53:29 AM     all      9.84      0.00      1.58      1.13      0.00     87.45
11:53:30 AM     all      9.30      0.00      1.51      0.31      0.00     88.87
11:53:31 AM     all     10.68      0.00      1.83      0.25      0.00     87.24
11:53:32 AM     all      9.39      0.00      1.39      0.38      0.00     88.84
11:53:33 AM     all      9.47      0.00      1.76      0.25      0.00     88.52
11:53:34 AM     all     11.26      0.00      1.38      0.38      0.00     86.98
11:53:35 AM     all     12.56      0.00      1.58      0.82      0.00     85.04
11:53:36 AM     all      9.05      0.00      1.63      0.31      0.00     89.00
11:53:37 AM     all      8.63      0.00      1.83      0.38      0.00     89.17
11:53:38 AM     all      9.97      0.00      1.82      0.82      0.00     87.39
11:53:39 AM     all     10.93      0.00      2.20      0.31      0.00     86.56
11:53:40 AM     all     10.86      0.00      1.70      0.38      0.00     87.06
11:53:41 AM     all     12.90      0.00      1.76      1.45      0.00     83.89
11:53:42 AM     all     11.07      0.00      1.82      0.38      0.00     86.73
11:53:43 AM     all     10.15      0.00      2.02      0.44      0.00     87.39
11:53:44 AM     all     10.34      0.00      1.51      0.25      0.00     87.89
11:53:45 AM     all     10.51      0.00      1.83      0.38      0.00     87.29
11:53:46 AM     all     10.56      0.00      2.07      0.38      0.00     86.99
11:53:47 AM     all     11.21      0.00      2.20      1.76      0.00     84.82
11:53:48 AM     all     11.05      0.00      1.52      0.25      0.00     87.18
11:53:49 AM     all     10.91      0.00      1.96      0.19      0.00     86.94
11:53:50 AM     all     11.45      0.00      1.89      0.38      0.00     86.29
11:53:51 AM     all     13.14      0.00      1.52      0.38      0.00     84.97
11:53:52 AM     all      9.92      0.00      2.40      2.72      0.00     84.97
11:53:53 AM     all      9.16      0.00      1.57      0.50      0.00     88.77
11:53:54 AM     all      9.26      0.00      2.08      0.25      0.00     88.41
11:53:55 AM     all     11.06      0.00      2.01      0.38      0.00     86.56
11:53:56 AM     all     10.23      0.00      1.52      0.38      0.00     87.88
11:53:57 AM     all     10.56      0.00      2.14      0.38      0.00     86.93
11:53:58 AM     all     10.73      0.00      1.52      0.38      0.00     87.37
11:53:59 AM     all     11.35      0.00      1.32      1.01      0.00     86.32
11:54:00 AM     all     10.96      0.00      1.83      0.32      0.00     86.89
11:54:01 AM     all     11.01      0.00      1.83      0.63      0.00     86.53
11:54:02 AM     all     10.11      0.00      1.57      0.25      0.00     88.07
11:54:03 AM     all      7.99      0.00      1.45      0.44      0.00     90.12
11:54:04 AM     all      5.17      0.00      0.82      1.45      0.00     92.56
11:54:05 AM     all     14.60      0.00      3.54      0.32      0.00     81.54
11:54:06 AM     all      0.81      0.00      0.31      0.37      0.00     98.50
11:54:07 AM     all      9.28      0.00      2.97      0.51      0.00     87.25
11:54:08 AM     all      0.38      0.00      0.13      0.31      0.00     99.19
11:54:09 AM     all      9.09      0.00      2.42      0.32      0.00     88.18
11:54:10 AM     all      0.25      0.00      0.13      0.44      0.00     99.19
11:54:11 AM     all      8.94      0.00      2.35      0.82      0.00     87.89
11:54:12 AM     all      0.38      0.00      0.13      0.38      0.00     99.12
11:54:13 AM     all      9.22      0.00      2.84      0.32      0.00     87.63
11:54:14 AM     all      0.56      0.00      0.19      0.31      0.00     98.94
11:54:15 AM     all     10.74      0.00      2.86      0.44      0.00     85.96
11:54:16 AM     all      0.75      0.00      0.25      0.31      0.00     98.69
11:54:17 AM     all      8.54      0.00      2.34      0.32      0.00     88.80
11:54:18 AM     all      0.62      0.00      0.19      0.38      0.00     98.81
11:54:19 AM     all      8.50      0.00      2.36      0.32      0.00     88.82
11:54:20 AM     all      6.79      0.00      1.07      0.57      0.00     91.58
11:54:21 AM     all      8.06      0.00      2.09      0.00      0.00     89.85
11:54:22 AM     all      7.19      0.00      1.58      0.00      0.00     91.23
11:54:23 AM     all      8.92      0.00      2.41      0.00      0.00     88.67
11:54:24 AM     all      6.73      0.00      1.45      0.00      0.00     91.83
11:54:25 AM     all      1.19      0.00      0.56      0.31      0.00     97.93
11:54:26 AM     all      0.00      0.00      0.00      0.00      0.00    100.00
11:54:27 AM     all      0.63      0.00      0.31      0.00      0.00     99.06
11:54:28 AM     all      2.01      0.00      0.56      1.51      0.00     95.92
11:54:29 AM     all      6.92      0.00      2.01      0.31      0.00     90.75
11:54:30 AM     all      3.90      0.00      1.13      0.44      0.00     94.52
11:54:31 AM     all      3.39      0.00      1.51      0.38      0.00     94.72
11:54:32 AM     all      5.42      0.00      1.83      0.25      0.00     92.50
11:54:33 AM     all      3.65      0.00      1.13      0.31      0.00     94.91
11:54:34 AM     all      5.14      0.00      1.44      0.31      0.00     93.10
11:54:35 AM     all      5.09      0.00      2.07      0.38      0.00     92.46
11:54:36 AM     all      7.31      0.00      1.14      0.32      0.00     91.23
11:54:37 AM     all     10.55      0.00      3.01      0.31      0.00     86.13
11:54:38 AM     all      6.43      0.00      1.77      0.32      0.00     91.49
11:54:39 AM     all      3.51      0.00      1.25      0.44      0.00     94.79
11:54:40 AM     all      4.70      0.00      1.63      0.31      0.00     93.36
11:54:41 AM     all      4.28      0.00      1.13      0.44      0.00     94.15
11:54:42 AM     all      4.97      0.00      1.70      0.31      0.00     93.02
11:54:43 AM     all      3.58      0.00      1.32      0.31      0.00     94.78
11:54:44 AM     all      4.89      0.00      1.44      0.25      0.00     93.41
11:54:45 AM     all      3.71      0.00      1.63      0.25      0.00     94.41
11:54:46 AM     all      5.20      0.00      2.51      0.38      0.00     91.92
11:54:47 AM     all      6.83      0.00      1.19      0.31      0.00     91.66
11:54:48 AM     all      7.81      0.00      2.39      0.31      0.00     89.48
11:54:49 AM     all      6.54      0.00      2.01      0.31      0.00     91.13
11:54:50 AM     all      3.27      0.00      1.51      0.31      0.00     94.91
11:54:51 AM     all      5.41      0.00      1.51      0.38      0.00     92.70
11:54:52 AM     all      3.46      0.00      1.32      0.44      0.00     94.78
11:54:53 AM     all      4.34      0.00      1.32      0.31      0.00     94.03
11:54:54 AM     all      3.38      0.00      1.19      0.31      0.00     95.12
11:54:55 AM     all      4.60      0.00      1.64      0.25      0.00     93.51
11:54:56 AM     all      3.45      0.00      1.13      0.31      0.00     95.11
11:54:57 AM     all      3.81      0.00      1.06      0.31      0.00     94.81
11:54:58 AM     all      2.95      0.00      0.88      0.31      0.00     95.85
11:54:59 AM     all      5.76      0.00      0.75      0.38      0.00     93.11
11:55:00 AM     all      7.64      0.00      1.58      0.51      0.00     90.27
11:55:01 AM     all      6.96      0.00      1.82      0.31      0.00     90.91
11:55:02 AM     all      2.76      0.00      0.75      1.94      0.00     94.55
11:55:03 AM     all      3.52      0.00      0.88      0.25      0.00     95.34
11:55:04 AM     all      2.89      0.00      0.69      0.44      0.00     95.98
11:55:05 AM     all      4.97      0.00      0.94      0.69      0.00     93.40
11:55:06 AM     all     11.89      0.00      2.34      0.38      0.00     85.39
11:55:07 AM     all      3.77      0.00      0.82      0.25      0.00     95.17
11:55:08 AM     all      9.37      0.00      1.26      0.38      0.00     88.99
11:55:09 AM     all     13.49      0.00      1.19      0.13      0.00     85.19
11:55:10 AM     all     11.20      0.00      0.94      0.50      0.00     87.35
11:55:11 AM     all     11.22      0.00      1.57      0.38      0.00     86.84
11:55:12 AM     all      9.83      0.00      5.17      0.38      0.00     84.63
11:55:13 AM     all      2.20      0.00      6.34      1.01      0.00     90.45
11:55:14 AM     all      5.17      0.00      5.74      8.71      0.00     80.38
11:55:15 AM     all      9.76      0.00      1.77      1.27      0.00     87.20
11:55:16 AM     all      1.95      0.00      1.00      0.19      0.00     96.86
11:55:17 AM     all      5.99      0.00      0.95      0.38      0.00     92.69
11:55:18 AM     all      1.95      0.00      0.63      0.38      0.00     97.05
11:55:19 AM     all      6.31      0.00      1.45      0.50      0.00     91.74
11:55:20 AM     all      2.19      0.00      0.75      0.56      0.00     96.50
11:55:21 AM     all      6.23      0.00      0.88      0.38      0.00     92.52
11:55:22 AM     all      6.31      0.00      1.07      1.07      0.00     91.55
11:55:23 AM     all      3.14      0.00      0.50      0.38      0.00     95.98
11:55:24 AM     all      4.67      0.00      1.83      0.50      0.00     93.00
11:55:25 AM     all      1.13      0.00      0.75      0.44      0.00     97.68
11:55:26 AM     all      8.13      0.00      1.77      0.25      0.00     89.85
11:55:27 AM     all      0.75      0.00      0.19      0.50      0.00     98.56
11:55:28 AM     all      7.47      0.00      1.58      0.32      0.00     90.63
11:55:29 AM     all      4.48      0.00      1.26      0.44      0.00     93.82
11:55:30 AM     all      1.88      0.00      0.94      0.38      0.00     96.80
11:55:31 AM     all      6.77      0.00      1.90      0.25      0.00     91.08
11:55:32 AM     all      1.56      0.00      0.81      0.25      0.00     97.37
11:55:33 AM     all      6.32      0.00      1.71      0.38      0.00     91.60
11:55:34 AM     all      1.38      0.00      0.44      0.38      0.00     97.81
11:55:35 AM     all      6.43      0.00      1.01      0.38      0.00     92.19
11:55:36 AM     all      1.19      0.00      0.63      0.38      0.00     97.81
11:55:37 AM     all      7.31      0.00      1.45      0.25      0.00     90.99
11:55:38 AM     all      0.69      0.00      0.25      0.25      0.00     98.81
11:55:39 AM     all      1.69      0.00      0.88      0.38      0.00     97.05
11:55:40 AM     all      0.19      0.00      0.38      0.63      0.00     98.81
11:55:41 AM     all      4.28      0.00      1.07      1.64      0.00     93.01
11:55:42 AM     all     12.06      0.00      1.33      0.38      0.00     86.24
11:55:43 AM     all      5.39      0.00      0.94      0.38      0.00     93.30
11:55:44 AM     all      4.24      0.00      0.94      0.25      0.00     94.57
11:55:45 AM     all      6.00      0.00      1.07      0.32      0.00     92.61
11:55:46 AM     all      2.95      0.00      0.75      0.31      0.00     95.98
11:55:47 AM     all      6.73      0.00      1.32      2.58      0.00     89.38
11:55:48 AM     all      5.43      0.00      0.76      0.32      0.00     93.50
11:55:49 AM     all      3.01      0.00      1.25      0.38      0.00     95.36
11:55:50 AM     all      7.81      0.00      0.88      0.50      0.00     90.81
11:55:51 AM     all      3.84      0.00      0.69      0.38      0.00     95.09
11:55:52 AM     all      5.47      0.00      0.94      0.44      0.00     93.15
11:55:53 AM     all      3.20      0.00      0.88      0.38      0.00     95.54
11:55:54 AM     all      5.98      0.00      1.39      0.06      0.00     92.57
11:55:55 AM     all      3.90      0.00      0.88      0.13      0.00     95.09
11:55:56 AM     all      4.84      0.00      0.88      0.19      0.00     94.09
11:55:57 AM     all      3.64      0.00      1.13      0.06      0.00     95.17
11:55:58 AM     all      6.23      0.00      0.82      0.06      0.00     92.88
11:55:59 AM     all      3.39      0.00      1.07      0.13      0.00     95.41
11:56:00 AM     all      4.84      0.00      0.75      0.19      0.00     94.22
11:56:01 AM     all      6.23      0.00      1.26      0.00      0.00     92.51
11:56:02 AM     all      6.94      0.00      1.07      0.32      0.00     91.67
11:56:03 AM     all      5.92      0.00      1.13      0.31      0.00     92.63
11:56:04 AM     all      2.20      0.00      0.50      0.31      0.00     96.98
11:56:05 AM     all      6.79      0.00      1.26      0.38      0.00     91.57
11:56:06 AM     all      4.46      0.00      1.07      0.31      0.00     94.16
11:56:07 AM     all      5.66      0.00      0.82      0.38      0.00     93.14
11:56:08 AM     all      3.52      0.00      0.94      0.13      0.00     95.42
11:56:09 AM     all      5.66      0.00      1.19      0.44      0.00     92.70
11:56:10 AM     all      4.02      0.00      0.69      0.19      0.00     95.10
11:56:11 AM     all      4.46      0.00      1.26      0.06      0.00     94.22
11:56:12 AM     all      5.04      0.00      0.82      0.00      0.00     94.14
11:56:13 AM     all      4.72      0.00      1.07      0.25      0.00     93.96
11:56:14 AM     all      4.96      0.00      0.88      0.00      0.00     94.16
11:56:15 AM     all      5.98      0.00      0.94      0.06      0.00     93.01
11:56:16 AM     all     11.12      0.00      1.20      0.32      0.00     87.37
11:56:17 AM     all      1.69      0.00      0.63      0.38      0.00     97.30
11:56:18 AM     all      5.72      0.00      1.26      0.19      0.00     92.83
11:56:19 AM     all      5.72      0.00      1.13      0.31      0.00     92.83
11:56:20 AM     all      1.57      0.00      0.06      1.32      0.00     97.05
11:56:21 AM     all      3.13      0.00      0.50      0.38      0.00     95.99
11:56:22 AM     all      0.37      0.00      0.25      0.25      0.00     99.13
11:56:23 AM     all      2.88      0.00      0.69      0.38      0.00     96.06
11:56:24 AM     all      0.50      0.00      0.06      0.25      0.00     99.19
11:56:25 AM     all      2.95      0.00      0.44      0.31      0.00     96.30
11:56:26 AM     all      0.44      0.00      0.19      0.38      0.00     99.00
11:56:27 AM     all      2.82      0.00      0.75      0.50      0.00     95.92
11:56:28 AM     all      0.44      0.00      0.25      0.56      0.00     98.75
11:56:29 AM     all      3.26      0.00      0.38      0.13      0.00     96.23
11:56:30 AM     all      3.39      0.00      0.44      0.38      0.00     95.80
11:56:31 AM     all      2.76      0.00      0.25      0.00      0.00     96.99
11:56:32 AM     all      0.31      0.00      0.31      1.94      0.00     97.43
11:56:33 AM     all      0.06      0.00      2.20      0.00      0.00     97.74
11:56:34 AM     all      0.31      0.00      2.70      0.75      0.00     96.24
11:56:35 AM     all      0.00      0.00      0.06      0.06      0.00     99.88
11:56:36 AM     all      0.00      0.00      0.00      0.00      0.00    100.00
11:56:37 AM     all      0.00      0.00      0.00      0.00      0.00    100.00
11:56:38 AM     all      0.00      0.00      0.00      0.00      0.00    100.00
11:56:39 AM     all      0.00      0.00      0.00      0.06      0.00     99.94
11:56:40 AM     all      0.00      0.00      0.00      0.19      0.00     99.81
11:56:41 AM     all      0.00      0.00      0.00      0.00      0.00    100.00
11:56:42 AM     all      0.00      0.00      0.00      0.00      0.00    100.00
11:56:43 AM     all      0.00      0.00      0.00      0.00      0.00    100.00
11:56:44 AM     all      0.00      0.00      0.00      0.00      0.00    100.00
11:56:45 AM     all      0.00      0.00      0.00      0.00      0.00    100.00
11:56:46 AM     all      0.00      0.00      0.00      0.25      0.00     99.75
11:56:47 AM     all      0.00      0.00      0.00      0.00      0.00    100.00
11:56:48 AM     all      0.00      0.00      0.00      0.00      0.00    100.00
11:56:49 AM     all      0.00      0.00      0.00      0.00      0.00    100.00
11:56:50 AM     all      0.06      0.00      0.00      0.00      0.00     99.94
11:56:51 AM     all      0.00      0.00      0.00      0.06      0.00     99.94
11:56:52 AM     all      0.00      0.00      0.00      0.19      0.00     99.81
11:56:53 AM     all      0.00      0.00      0.00      0.00      0.00    100.00
11:56:54 AM     all      0.00      0.00      0.00      0.00      0.00    100.00
11:56:55 AM     all      0.00      0.00      0.00      0.00      0.00    100.00
11:56:56 AM     all      0.00      0.00      0.00      0.00      0.00    100.00
11:56:57 AM     all      0.06      0.00      0.00      0.00      0.00     99.94
11:56:58 AM     all      0.00      0.00      0.06      0.81      0.00     99.12
11:56:59 AM     all      0.13      0.00      0.31      5.38      0.00     94.18
11:57:00 AM     all      0.50      0.00      0.25      5.68      0.00     93.57
11:57:01 AM     all      0.75      0.00      0.62      5.00      0.00     93.63
